<?xml version="1.0" encoding="UTF-8"?>
<Site BuildName="(empty)"
	BuildStamp="20240506-0707-Experimental"
	Name="(empty)"
	Generator="ctest-3.27.7"
	CompilerName=""
	CompilerVersion=""
	OSName="Linux"
	Hostname="pc-phsft-victus-85"
	OSRelease="6.8.8-200.fc39.x86_64"
	OSVersion="#1 SMP PREEMPT_DYNAMIC Sat Apr 27 17:42:13 UTC 2024"
	OSPlatform="x86_64"
	Is64Bits="1"
	VendorString="AuthenticAMD"
	VendorID="Advanced Micro Devices"
	FamilyID="25"
	ModelID="80"
	ProcessorCacheSize="512"
	NumberOfLogicalCPU="16"
	NumberOfPhysicalCPU="8"
	TotalVirtualMemory="8191"
	TotalPhysicalMemory="31418"
	LogicalProcessorsPerPhysical="2"
	ProcessorClockFrequency="4590.79"
	>
	<Testing>
		<StartDateTime>May 06 15:46 CEST</StartDateTime>
		<StartTestTime>1715003175</StartTestTime>
		<TestList>
			<Test>./test/JsonTests</Test>
		</TestList>
		<Test Status="passed">
			<Name>JsonTests</Name>
			<Path>./test</Path>
			<FullName>./test/JsonTests</FullName>
			<FullCommandLine>/home/adrianduesselberg/root-graphic-tests/build/test/JsonTests</FullCommandLine>
			<Results>
				<NamedMeasurement type="numeric/double" name="Execution Time">
					<Value>0.393107</Value>
				</NamedMeasurement>
				<NamedMeasurement type="numeric/double" name="Processors">
					<Value>1</Value>
				</NamedMeasurement>
				<NamedMeasurement type="text/string" name="Completion Status">
					<Value>Completed</Value>
				</NamedMeasurement>
				<NamedMeasurement type="text/string" name="Command Line">
					<Value>/home/adrianduesselberg/root-graphic-tests/build/test/JsonTests</Value>
				</NamedMeasurement>
				<NamedMeasurement type="text/string" name="Environment">
					<Value>#CTEST_RESOURCE_GROUP_COUNT=</Value>
				</NamedMeasurement>
				<Measurement>
					<Value encoding="base64" compression="gzip">eJy9U01rwkAQvedXzDEekhCtPYS2YLUVWrBFLT2IlHGzTRaSWZndKO2vbz5ENFDiyTkss8ybeW9nZ+YFkaIEclTk9uCbdQ5BqnMZYMwKKS6kMTLbSE4C1tp6CeM2VcKz0lgTJFonmaz8U9ewCJLK+6rK+kI4q/ujrWF+4LyBukhDGtYXMIWy0ndW3tHWMM30BrMmLmmnWFMuqcRK6xXbFvis6LJ0p43gl8XbzFnB/GMGta3bQX9EmP38yueChFWaSnBjb6/dYHD7t0PITa+DgkWqjgSfyHUfFMHdcoy0QxNFY03GciGs5ocIJrJsaYURdRj2yqZgMJdA5RGBCDtknhKCOwwv0ch6b64r8pQR3LDfrfIRjRKD+JoyW5Tllw8anZeOH7iDYZUCVlvMes5lU24lshfrPZ0v0b/LA4zkt6nKh72PFounSdXLQ6rv/AHPJEvG====</Value>
				</Measurement>
			</Results>
		</Test>
		<EndDateTime>May 06 15:46 CEST</EndDateTime>
		<EndTestTime>1715003175</EndTestTime>
		<ElapsedMinutes>0</ElapsedMinutes>
	</Testing>
</Site>
