<?xml version="1.0" encoding="UTF-8"?>
<Site BuildName="(empty)"
	BuildStamp="20240506-0707-Experimental"
	Name="(empty)"
	Generator="ctest-3.27.7"
	CompilerName=""
	CompilerVersion=""
	OSName="Linux"
	Hostname="pc-phsft-victus-85"
	OSRelease="6.8.8-200.fc39.x86_64"
	OSVersion="#1 SMP PREEMPT_DYNAMIC Sat Apr 27 17:42:13 UTC 2024"
	OSPlatform="x86_64"
	Is64Bits="1"
	VendorString="AuthenticAMD"
	VendorID="Advanced Micro Devices"
	FamilyID="25"
	ModelID="80"
	ProcessorCacheSize="512"
	NumberOfLogicalCPU="16"
	NumberOfPhysicalCPU="8"
	TotalVirtualMemory="8191"
	TotalPhysicalMemory="31418"
	LogicalProcessorsPerPhysical="2"
	ProcessorClockFrequency="4542.48"
	>
	<Testing>
		<StartDateTime>May 06 14:52 CEST</StartDateTime>
		<StartTestTime>1714999948</StartTestTime>
		<TestList>
			<Test>./test/JsonTests</Test>
		</TestList>
		<Test Status="passed">
			<Name>JsonTests</Name>
			<Path>./test</Path>
			<FullName>./test/JsonTests</FullName>
			<FullCommandLine>/home/adrianduesselberg/root-graphic-tests/build/test/JsonTests</FullCommandLine>
			<Results>
				<NamedMeasurement type="numeric/double" name="Execution Time">
					<Value>0.366267</Value>
				</NamedMeasurement>
				<NamedMeasurement type="numeric/double" name="Processors">
					<Value>1</Value>
				</NamedMeasurement>
				<NamedMeasurement type="text/string" name="Completion Status">
					<Value>Completed</Value>
				</NamedMeasurement>
				<NamedMeasurement type="text/string" name="Command Line">
					<Value>/home/adrianduesselberg/root-graphic-tests/build/test/JsonTests</Value>
				</NamedMeasurement>
				<NamedMeasurement type="text/string" name="Environment">
					<Value>#CTEST_RESOURCE_GROUP_COUNT=</Value>
				</NamedMeasurement>
				<Measurement>
					<Value encoding="base64" compression="gzip">eJy9Uk1rwkAQvedXzDEekhClLYS2INoKLWhRSw8iZV2nyUIyI7Mbpf31zYeICkVPfYdllnkz7+3sTEsiQykUypDfgS/hAqKMC4zUWoyidYnWYr5CSSNhdkEqapMZHTi0zkYpc5pjHR+HVnSU1tFn3TbU2ls8HLCE6V6zB02TVjRuLmBL4zD0FsEBSxjlvFJ5m0faGmEqkCouuqDcnJFPms6rcNQafplNxt4Cpu9jaLA8T4Z9Uvn3Dz6XpJ1hqsgtJq+XyeB3b2MobOeChOjMHAQ+lDRzMAT384GirbJJMmCyTkrtWB4TGGI10pqjmzTsjMvAqgKBqiMBHV+weSwI/s1VHoV39n9NHiuCH/dal9d+K/i97l1VAo6dyjveddvjUEmw5h2dLuefSwmiKDyXqt711p/Nnob1JPelofcL11UU/w==</Value>
				</Measurement>
			</Results>
		</Test>
		<EndDateTime>May 06 14:52 CEST</EndDateTime>
		<EndTestTime>1714999948</EndTestTime>
		<ElapsedMinutes>0</ElapsedMinutes>
	</Testing>
</Site>
