Start testing: May 08 15:11 CEST
----------------------------------------------------------
1/1 Testing: JsonTests
1/1 Test: JsonTests
Command: "/home/adrianduesselberg/root-graphic-tests/build/test/JsonTests"
Directory: /home/adrianduesselberg/root-graphic-tests/build/test
"JsonTests" start time: May 08 15:11 CEST
Output:
----------------------------------------------------------
Running main() from /home/adrianduesselberg/root-graphic-tests/googletest/googletest/src/gtest_main.cc
[==========] Running 23 tests from 1 test suite.
[----------] Global test environment set-up.
[----------] 23 tests from TestGraphicJSON
[ RUN      ] TestGraphicJSON.AnalyzeFunction
[       OK ] TestGraphicJSON.AnalyzeFunction (259 ms)
[ RUN      ] TestGraphicJSON.ArchiFunction
[       OK ] TestGraphicJSON.ArchiFunction (52 ms)
[ RUN      ] TestGraphicJSON.ArrowsFunction
[       OK ] TestGraphicJSON.ArrowsFunction (12 ms)
[ RUN      ] TestGraphicJSON.Basic3dFunction
[       OK ] TestGraphicJSON.Basic3dFunction (24 ms)
[ RUN      ] TestGraphicJSON.CompileFunction
[       OK ] TestGraphicJSON.CompileFunction (13 ms)
[ RUN      ] TestGraphicJSON.CrownFunction
[       OK ] TestGraphicJSON.CrownFunction (13 ms)
[ RUN      ] TestGraphicJSON.EllipseFunction
[       OK ] TestGraphicJSON.EllipseFunction (13 ms)
[ RUN      ] TestGraphicJSON.EvalFunction
[       OK ] TestGraphicJSON.EvalFunction (15 ms)
[ RUN      ] TestGraphicJSON.EventFunction
[       OK ] TestGraphicJSON.EventFunction (19 ms)
[ RUN      ] TestGraphicJSON.FeynmanFunction
[       OK ] TestGraphicJSON.FeynmanFunction (22 ms)
[ RUN      ] TestGraphicJSON.FirstFunction
[       OK ] TestGraphicJSON.FirstFunction (84 ms)
[ RUN      ] TestGraphicJSON.Formula1Function

Object statistics
class                         cnt    on heap     size    total size    heap size
================================================================================
TList                         131        130      104         13624        13520
TObjectTable                    1          1       32            32           32
TROOT                           1          0      728           728            0
TPluginManager                  1          1       40            40           40
THashTable                      2          2       72           144          144
TClassTable                     1          1       16            16           16
THashList                       1          1      112           112          112
TEnv                            1          1       56            56           56
TEnvRec                       143        143       96         13728        13728
TNamed                          1          1       64            64           64
TUnixSystem                     1          1      672           672          672
TOrdCollection                  4          4       72           288          288
--------------------------------------------------------------------------------
Total:                        288        286     2064         29504        28672
================================================================================

[       OK ] TestGraphicJSON.Formula1Function (38 ms)
[ RUN      ] TestGraphicJSON.FrameworkFunction
[       OK ] TestGraphicJSON.FrameworkFunction (17 ms)
[ RUN      ] TestGraphicJSON.GaxisFunction
[       OK ] TestGraphicJSON.GaxisFunction (16 ms)
[ RUN      ] TestGraphicJSON.Gaxis3Function
[       OK ] TestGraphicJSON.Gaxis3Function (15 ms)
[ RUN      ] TestGraphicJSON.GreyscaleFunction
[       OK ] TestGraphicJSON.GreyscaleFunction (303 ms)
[ RUN      ] TestGraphicJSON.LatexFunction
Info in <TCanvas::Print>: ps file latex.ps has been created
[       OK ] TestGraphicJSON.LatexFunction (30 ms)
[ RUN      ] TestGraphicJSON.Latex2Function
Info in <TCanvas::Print>: ps file latex2.ps has been created
[       OK ] TestGraphicJSON.Latex2Function (13 ms)
[ RUN      ] TestGraphicJSON.Latex3Function
[       OK ] TestGraphicJSON.Latex3Function (11 ms)
[ RUN      ] TestGraphicJSON.Latex4Function
[       OK ] TestGraphicJSON.Latex4Function (23 ms)
[ RUN      ] TestGraphicJSON.Latex5Function
[       OK ] TestGraphicJSON.Latex5Function (27 ms)
[ RUN      ] TestGraphicJSON.MarkerwarningFunction
[       OK ] TestGraphicJSON.MarkerwarningFunction (25 ms)
[ RUN      ] TestGraphicJSON.Mass_SpectrumFunction
[       OK ] TestGraphicJSON.Mass_SpectrumFunction (20 ms)
[----------] 23 tests from TestGraphicJSON (1075 ms total)

[----------] Global test environment tear-down
[==========] 23 tests from 1 test suite ran. (1075 ms total)
[  PASSED  ] 23 tests.
<end of output>
Test time =   1.15 sec
----------------------------------------------------------
Test Passed.
"JsonTests" end time: May 08 15:11 CEST
"JsonTests" time elapsed: 00:00:01
----------------------------------------------------------

End testing: May 08 15:11 CEST
