Start testing: May 13 08:46 CEST
----------------------------------------------------------
1/2 Testing: GraphicsTest
1/2 Test: GraphicsTest
Command: "/home/adrianduesselberg/root-graphic-tests/build/test/GraphicsTest"
Directory: /home/adrianduesselberg/root-graphic-tests/build/test
"GraphicsTest" start time: May 13 08:46 CEST
Output:
----------------------------------------------------------
Running main() from /home/adrianduesselberg/root-graphic-tests/googletest/googletest/src/gtest_main.cc
[==========] Running 28 tests from 1 test suite.
[----------] Global test environment set-up.
[----------] 28 tests from TestGraphicJSON
[ RUN      ] TestGraphicJSON.AnalyzeFunction
input_line_8:2:2: error: expected expression
 ../root-graphic-tests/graphics/analyze.C
 ^
[       OK ] TestGraphicJSON.AnalyzeFunction (140 ms)
[ RUN      ] TestGraphicJSON.ArchiFunction
input_line_9:2:2: error: expected expression
 ../root-graphic-tests/graphics/archi.C
 ^
[       OK ] TestGraphicJSON.ArchiFunction (0 ms)
[ RUN      ] TestGraphicJSON.ArrowsFunction
input_line_10:2:2: error: expected expression
 ../root-graphic-tests/graphics/arrows.C
 ^
[       OK ] TestGraphicJSON.ArrowsFunction (0 ms)
[ RUN      ] TestGraphicJSON.Basic3dFunction
input_line_11:2:2: error: expected expression
 ../root-graphic-tests/graphics/basic3d.C
 ^
[       OK ] TestGraphicJSON.Basic3dFunction (0 ms)
[ RUN      ] TestGraphicJSON.CompileFunction
input_line_12:2:2: error: expected expression
 ../root-graphic-tests/graphics/compile.C
 ^
[       OK ] TestGraphicJSON.CompileFunction (0 ms)
[ RUN      ] TestGraphicJSON.CrownFunction
input_line_13:2:2: error: expected expression
 ../root-graphic-tests/graphics/crown.C
 ^
[       OK ] TestGraphicJSON.CrownFunction (0 ms)
[ RUN      ] TestGraphicJSON.EllipseFunction
input_line_14:2:2: error: expected expression
 ../root-graphic-tests/graphics/ellipse.C
 ^
[       OK ] TestGraphicJSON.EllipseFunction (0 ms)
[ RUN      ] TestGraphicJSON.EvalFunction
input_line_15:2:2: error: expected expression
 ../root-graphic-tests/graphics/eval.C
 ^
[       OK ] TestGraphicJSON.EvalFunction (0 ms)
[ RUN      ] TestGraphicJSON.EventFunction
input_line_16:2:2: error: expected expression
 ../root-graphic-tests/graphics/event.C
 ^
[       OK ] TestGraphicJSON.EventFunction (0 ms)
[ RUN      ] TestGraphicJSON.FeynmanFunction
input_line_17:2:2: error: expected expression
 ../root-graphic-tests/graphics/feynman.C
 ^
[       OK ] TestGraphicJSON.FeynmanFunction (0 ms)
[ RUN      ] TestGraphicJSON.FirstFunction
input_line_18:2:2: error: expected expression
 ../root-graphic-tests/graphics/first.C
 ^
[       OK ] TestGraphicJSON.FirstFunction (0 ms)
[ RUN      ] TestGraphicJSON.Formula1Function
input_line_19:2:2: error: expected expression
 ../root-graphic-tests/graphics/formula1.C
 ^
[       OK ] TestGraphicJSON.Formula1Function (0 ms)
[ RUN      ] TestGraphicJSON.FrameworkFunction
input_line_20:2:2: error: expected expression
 ../root-graphic-tests/graphics/framework.C
 ^
[       OK ] TestGraphicJSON.FrameworkFunction (0 ms)
[ RUN      ] TestGraphicJSON.GaxisFunction
input_line_21:2:2: error: expected expression
 ../root-graphic-tests/graphics/gaxis.C
 ^
[       OK ] TestGraphicJSON.GaxisFunction (0 ms)
[ RUN      ] TestGraphicJSON.Gaxis3Function
input_line_22:2:2: error: expected expression
 ../root-graphic-tests/graphics/gaxis3.C
 ^
[       OK ] TestGraphicJSON.Gaxis3Function (0 ms)
[ RUN      ] TestGraphicJSON.GreyscaleFunction
input_line_23:2:2: error: expected expression
 ../root-graphic-tests/graphics/greyscale.C
 ^
[       OK ] TestGraphicJSON.GreyscaleFunction (3 ms)
[ RUN      ] TestGraphicJSON.LatexFunction
input_line_24:2:2: error: expected expression
 ../root-graphic-tests/graphics/latex.C
 ^
[       OK ] TestGraphicJSON.LatexFunction (0 ms)
[ RUN      ] TestGraphicJSON.Latex2Function
input_line_25:2:2: error: expected expression
 ../root-graphic-tests/graphics/latex2.C
 ^
[       OK ] TestGraphicJSON.Latex2Function (0 ms)
[ RUN      ] TestGraphicJSON.Latex3Function
input_line_26:2:2: error: expected expression
 ../root-graphic-tests/graphics/latex3.C
 ^
[       OK ] TestGraphicJSON.Latex3Function (0 ms)
[ RUN      ] TestGraphicJSON.Latex4Function
input_line_27:2:2: error: expected expression
 ../root-graphic-tests/graphics/latex4.C
 ^
[       OK ] TestGraphicJSON.Latex4Function (0 ms)
[ RUN      ] TestGraphicJSON.Latex5Function
input_line_28:2:2: error: expected expression
 ../root-graphic-tests/graphics/latex5.C
 ^
[       OK ] TestGraphicJSON.Latex5Function (0 ms)
[ RUN      ] TestGraphicJSON.MarkerwarningFunction
input_line_29:2:2: error: expected expression
 ../root-graphic-tests/graphics/markerwarning.C
 ^
[       OK ] TestGraphicJSON.MarkerwarningFunction (0 ms)
[ RUN      ] TestGraphicJSON.Mass_SpectrumFunction
input_line_30:2:2: error: expected expression
 ../root-graphic-tests/graphics/mass_spectrum.C
 ^
[       OK ] TestGraphicJSON.Mass_SpectrumFunction (0 ms)
[ RUN      ] TestGraphicJSON.PavetextFunction
input_line_31:2:2: error: expected expression
 ../root-graphic-tests/graphics/pavetext.C
 ^
[       OK ] TestGraphicJSON.PavetextFunction (0 ms)
[ RUN      ] TestGraphicJSON.PiechartFunction
input_line_32:2:2: error: expected expression
 ../root-graphic-tests/graphics/piechart.C
 ^
[       OK ] TestGraphicJSON.PiechartFunction (0 ms)
[ RUN      ] TestGraphicJSON.QuarksFunction
input_line_33:2:2: error: expected expression
 ../root-graphic-tests/graphics/quarks.C
 ^
[       OK ] TestGraphicJSON.QuarksFunction (0 ms)
[ RUN      ] TestGraphicJSON.TmathtextFunction
input_line_34:2:2: error: expected expression
 ../root-graphic-tests/graphics/tmathtext.C
 ^
[       OK ] TestGraphicJSON.TmathtextFunction (0 ms)
[ RUN      ] TestGraphicJSON.Tmathtext2Function
input_line_35:2:2: error: expected expression
 ../root-graphic-tests/graphics/tmathtext2.C
 ^
[       OK ] TestGraphicJSON.Tmathtext2Function (0 ms)
[----------] 28 tests from TestGraphicJSON (149 ms total)

[----------] Global test environment tear-down
[==========] 28 tests from 1 test suite ran. (149 ms total)
[  PASSED  ] 28 tests.
<end of output>
Test time =   0.18 sec
----------------------------------------------------------
Test Passed.
"GraphicsTest" end time: May 13 08:46 CEST
"GraphicsTest" time elapsed: 00:00:00
----------------------------------------------------------

2/2 Testing: GraphsTest
2/2 Test: GraphsTest
Command: "/home/adrianduesselberg/root-graphic-tests/build/test/GraphsTest"
Directory: /home/adrianduesselberg/root-graphic-tests/build/test
"GraphsTest" start time: May 13 08:46 CEST
Output:
----------------------------------------------------------
Running main() from /home/adrianduesselberg/root-graphic-tests/googletest/googletest/src/gtest_main.cc
[==========] Running 1 test from 1 test suite.
[----------] Global test environment set-up.
[----------] 1 test from TestGraphsJSON
[ RUN      ] TestGraphsJSON.GraphFunction
input_line_8:2:2: error: expected expression
 ../root-graphic-tests/graphs/graph.C
 ^
[       OK ] TestGraphsJSON.GraphFunction (140 ms)
[----------] 1 test from TestGraphsJSON (140 ms total)

[----------] Global test environment tear-down
[==========] 1 test from 1 test suite ran. (140 ms total)
[  PASSED  ] 1 test.
<end of output>
Test time =   0.17 sec
----------------------------------------------------------
Test Passed.
"GraphsTest" end time: May 13 08:46 CEST
"GraphsTest" time elapsed: 00:00:00
----------------------------------------------------------

End testing: May 13 08:46 CEST
