Start testing: May 23 09:45 CEST
----------------------------------------------------------
1/12 Testing: analyze_JSONTest
1/12 Test: analyze_JSONTest
Command: "/home/adrianduesselberg/root-graphic-tests/build/test/JsonTests" "--gtest_filter=TestJSON.analyzeFunction"
Directory: /home/adrianduesselberg/root-graphic-tests
"analyze_JSONTest" start time: May 23 09:45 CEST
Output:
----------------------------------------------------------
Note: Google Test filter = TestJSON.analyzeFunction
[==========] Running 1 test from 1 test suite.
[----------] Global test environment set-up.
[----------] 1 test from TestJSON
[ RUN      ] TestJSON.analyzeFunction
[       OK ] TestJSON.analyzeFunction (210 ms)
[----------] 1 test from TestJSON (210 ms total)

[----------] Global test environment tear-down
[==========] 1 test from 1 test suite ran. (210 ms total)
[  PASSED  ] 1 test.
<end of output>
Test time =   0.24 sec
----------------------------------------------------------
Test Passed.
"analyze_JSONTest" end time: May 23 09:45 CEST
"analyze_JSONTest" time elapsed: 00:00:00
----------------------------------------------------------

2/12 Testing: archi_JSONTest
2/12 Test: archi_JSONTest
Command: "/home/adrianduesselberg/root-graphic-tests/build/test/JsonTests" "--gtest_filter=TestJSON.archiFunction"
Directory: /home/adrianduesselberg/root-graphic-tests
"archi_JSONTest" start time: May 23 09:45 CEST
Output:
----------------------------------------------------------
Note: Google Test filter = TestJSON.archiFunction
[==========] Running 1 test from 1 test suite.
[----------] Global test environment set-up.
[----------] 1 test from TestJSON
[ RUN      ] TestJSON.archiFunction
[       OK ] TestJSON.archiFunction (232 ms)
[----------] 1 test from TestJSON (233 ms total)

[----------] Global test environment tear-down
[==========] 1 test from 1 test suite ran. (233 ms total)
[  PASSED  ] 1 test.
<end of output>
Test time =   0.26 sec
----------------------------------------------------------
Test Passed.
"archi_JSONTest" end time: May 23 09:45 CEST
"archi_JSONTest" time elapsed: 00:00:00
----------------------------------------------------------

3/12 Testing: arrows_JSONTest
3/12 Test: arrows_JSONTest
Command: "/home/adrianduesselberg/root-graphic-tests/build/test/JsonTests" "--gtest_filter=TestJSON.arrowsFunction"
Directory: /home/adrianduesselberg/root-graphic-tests
"arrows_JSONTest" start time: May 23 09:45 CEST
Output:
----------------------------------------------------------
Note: Google Test filter = TestJSON.arrowsFunction
[==========] Running 1 test from 1 test suite.
[----------] Global test environment set-up.
[----------] 1 test from TestJSON
[ RUN      ] TestJSON.arrowsFunction
[       OK ] TestJSON.arrowsFunction (192 ms)
[----------] 1 test from TestJSON (192 ms total)

[----------] Global test environment tear-down
[==========] 1 test from 1 test suite ran. (192 ms total)
[  PASSED  ] 1 test.
<end of output>
Test time =   0.22 sec
----------------------------------------------------------
Test Passed.
"arrows_JSONTest" end time: May 23 09:45 CEST
"arrows_JSONTest" time elapsed: 00:00:00
----------------------------------------------------------

4/12 Testing: compile_JSONTest
4/12 Test: compile_JSONTest
Command: "/home/adrianduesselberg/root-graphic-tests/build/test/JsonTests" "--gtest_filter=TestJSON.compileFunction"
Directory: /home/adrianduesselberg/root-graphic-tests
"compile_JSONTest" start time: May 23 09:45 CEST
Output:
----------------------------------------------------------
Note: Google Test filter = TestJSON.compileFunction
[==========] Running 1 test from 1 test suite.
[----------] Global test environment set-up.
[----------] 1 test from TestJSON
[ RUN      ] TestJSON.compileFunction
[       OK ] TestJSON.compileFunction (188 ms)
[----------] 1 test from TestJSON (188 ms total)

[----------] Global test environment tear-down
[==========] 1 test from 1 test suite ran. (188 ms total)
[  PASSED  ] 1 test.
<end of output>
Test time =   0.22 sec
----------------------------------------------------------
Test Passed.
"compile_JSONTest" end time: May 23 09:45 CEST
"compile_JSONTest" time elapsed: 00:00:00
----------------------------------------------------------

5/12 Testing: crown_JSONTest
5/12 Test: crown_JSONTest
Command: "/home/adrianduesselberg/root-graphic-tests/build/test/JsonTests" "--gtest_filter=TestJSON.crownFunction"
Directory: /home/adrianduesselberg/root-graphic-tests
"crown_JSONTest" start time: May 23 09:45 CEST
Output:
----------------------------------------------------------
Note: Google Test filter = TestJSON.crownFunction
[==========] Running 1 test from 1 test suite.
[----------] Global test environment set-up.
[----------] 1 test from TestJSON
[ RUN      ] TestJSON.crownFunction
[       OK ] TestJSON.crownFunction (186 ms)
[----------] 1 test from TestJSON (186 ms total)

[----------] Global test environment tear-down
[==========] 1 test from 1 test suite ran. (186 ms total)
[  PASSED  ] 1 test.
<end of output>
Test time =   0.22 sec
----------------------------------------------------------
Test Passed.
"crown_JSONTest" end time: May 23 09:45 CEST
"crown_JSONTest" time elapsed: 00:00:00
----------------------------------------------------------

6/12 Testing: basic3d_JSONTest
6/12 Test: basic3d_JSONTest
Command: "/home/adrianduesselberg/root-graphic-tests/build/test/JsonTests" "--gtest_filter=TestJSON.basic3dFunction"
Directory: /home/adrianduesselberg/root-graphic-tests
"basic3d_JSONTest" start time: May 23 09:45 CEST
Output:
----------------------------------------------------------
Note: Google Test filter = TestJSON.basic3dFunction
[==========] Running 1 test from 1 test suite.
[----------] Global test environment set-up.
[----------] 1 test from TestJSON
[ RUN      ] TestJSON.basic3dFunction
[       OK ] TestJSON.basic3dFunction (216 ms)
[----------] 1 test from TestJSON (216 ms total)

[----------] Global test environment tear-down
[==========] 1 test from 1 test suite ran. (216 ms total)
[  PASSED  ] 1 test.
<end of output>
Test time =   0.25 sec
----------------------------------------------------------
Test Passed.
"basic3d_JSONTest" end time: May 23 09:45 CEST
"basic3d_JSONTest" time elapsed: 00:00:00
----------------------------------------------------------

7/12 Testing: analyze_SVGTest
7/12 Test: analyze_SVGTest
Command: "/usr/bin/node" "Test_SVG.js" "analyze"
Directory: /home/adrianduesselberg/root-graphic-tests
"analyze_SVGTest" start time: May 23 09:45 CEST
Output:
----------------------------------------------------------
Set jsroot source_dir to file:///home/adrianduesselberg/build/js/, dev 18/03/2024
JSROOT version dev 18/03/2024
MATCH: analyze - Lengths [Pro: 11643, Ref: 11643]
<end of output>
Test time =   0.61 sec
----------------------------------------------------------
Test Passed.
"analyze_SVGTest" end time: May 23 09:45 CEST
"analyze_SVGTest" time elapsed: 00:00:00
----------------------------------------------------------

8/12 Testing: archi_SVGTest
8/12 Test: archi_SVGTest
Command: "/usr/bin/node" "Test_SVG.js" "archi"
Directory: /home/adrianduesselberg/root-graphic-tests
"archi_SVGTest" start time: May 23 09:45 CEST
Output:
----------------------------------------------------------
Set jsroot source_dir to file:///home/adrianduesselberg/build/js/, dev 18/03/2024
JSROOT version dev 18/03/2024
MATCH: archi - Lengths [Pro: 41892, Ref: 41892]
<end of output>
Test time =   0.65 sec
----------------------------------------------------------
Test Passed.
"archi_SVGTest" end time: May 23 09:45 CEST
"archi_SVGTest" time elapsed: 00:00:00
----------------------------------------------------------

9/12 Testing: arrows_SVGTest
9/12 Test: arrows_SVGTest
Command: "/usr/bin/node" "Test_SVG.js" "arrows"
Directory: /home/adrianduesselberg/root-graphic-tests
"arrows_SVGTest" start time: May 23 09:45 CEST
Output:
----------------------------------------------------------
Set jsroot source_dir to file:///home/adrianduesselberg/build/js/, dev 18/03/2024
JSROOT version dev 18/03/2024
MATCH: arrows - Lengths [Pro: 1572, Ref: 1572]
<end of output>
Test time =   0.55 sec
----------------------------------------------------------
Test Passed.
"arrows_SVGTest" end time: May 23 09:45 CEST
"arrows_SVGTest" time elapsed: 00:00:00
----------------------------------------------------------

10/12 Testing: compile_SVGTest
10/12 Test: compile_SVGTest
Command: "/usr/bin/node" "Test_SVG.js" "compile"
Directory: /home/adrianduesselberg/root-graphic-tests
"compile_SVGTest" start time: May 23 09:45 CEST
Output:
----------------------------------------------------------
Set jsroot source_dir to file:///home/adrianduesselberg/build/js/, dev 18/03/2024
JSROOT version dev 18/03/2024
MATCH: compile - Lengths [Pro: 1700, Ref: 1700]
<end of output>
Test time =   0.55 sec
----------------------------------------------------------
Test Passed.
"compile_SVGTest" end time: May 23 09:45 CEST
"compile_SVGTest" time elapsed: 00:00:00
----------------------------------------------------------

11/12 Testing: crown_SVGTest
11/12 Test: crown_SVGTest
Command: "/usr/bin/node" "Test_SVG.js" "crown"
Directory: /home/adrianduesselberg/root-graphic-tests
"crown_SVGTest" start time: May 23 09:45 CEST
Output:
----------------------------------------------------------
Set jsroot source_dir to file:///home/adrianduesselberg/build/js/, dev 18/03/2024
JSROOT version dev 18/03/2024
MATCH: crown - Lengths [Pro: 1605, Ref: 1605]
<end of output>
Test time =   0.56 sec
----------------------------------------------------------
Test Passed.
"crown_SVGTest" end time: May 23 09:45 CEST
"crown_SVGTest" time elapsed: 00:00:00
----------------------------------------------------------

12/12 Testing: basic3d_SVGTest
12/12 Test: basic3d_SVGTest
Command: "/usr/bin/node" "Test_SVG.js" "basic3d"
Directory: /home/adrianduesselberg/root-graphic-tests
"basic3d_SVGTest" start time: May 23 09:45 CEST
Output:
----------------------------------------------------------
Set jsroot source_dir to file:///home/adrianduesselberg/build/js/, dev 18/03/2024
JSROOT version dev 18/03/2024
Creating clones 1 takes 1 ms uniquevis 1
Total visible nodes 1 numfaces 12
Create tm = 1 meshes 1 faces 12
Error comparing basic3d SVG files: Error: DIFF: basic3d - Lengths [Pro: 8404, Ref: 17576]
    at compareSVG (file:///home/adrianduesselberg/root-graphic-tests/Test_SVG.js:33:19)
node:internal/process/promises:289
            triggerUncaughtException(err, true /* fromPromise */);
            ^

Error: DIFF: basic3d - Lengths [Pro: 8404, Ref: 17576]
    at compareSVG (file:///home/adrianduesselberg/root-graphic-tests/Test_SVG.js:33:19)

Node.js v20.12.2
<end of output>
Test time =   1.19 sec
----------------------------------------------------------
Test Failed.
"basic3d_SVGTest" end time: May 23 09:45 CEST
"basic3d_SVGTest" time elapsed: 00:00:01
----------------------------------------------------------

End testing: May 23 09:45 CEST
