Start testing: May 06 14:52 CEST
----------------------------------------------------------
1/1 Testing: JsonTests
1/1 Test: JsonTests
Command: "/home/adrianduesselberg/root-graphic-tests/build/test/JsonTests"
Directory: /home/adrianduesselberg/root-graphic-tests/build/test
"JsonTests" start time: May 06 14:52 CEST
Output:
----------------------------------------------------------
Running main() from /home/adrianduesselberg/root-graphic-tests/googletest/googletest/src/gtest_main.cc
[==========] Running 3 tests from 1 test suite.
[----------] Global test environment set-up.
[----------] 3 tests from TestGraphicJSON
[ RUN      ] TestGraphicJSON.AnalyzeFunction
[       OK ] TestGraphicJSON.AnalyzeFunction (261 ms)
[ RUN      ] TestGraphicJSON.ArchiFunction
Warning in <TCanvas::Constructor>: Deleting canvas with same name: c1
[       OK ] TestGraphicJSON.ArchiFunction (51 ms)
[ RUN      ] TestGraphicJSON.ArrowsFunction
Warning in <TCanvas::Constructor>: Deleting canvas with same name: c1
[       OK ] TestGraphicJSON.ArrowsFunction (13 ms)
[----------] 3 tests from TestGraphicJSON (327 ms total)

[----------] Global test environment tear-down
[==========] 3 tests from 1 test suite ran. (327 ms total)
[  PASSED  ] 3 tests.
<end of output>
Test time =   0.37 sec
----------------------------------------------------------
Test Passed.
"JsonTests" end time: May 06 14:52 CEST
"JsonTests" time elapsed: 00:00:00
----------------------------------------------------------

End testing: May 06 14:52 CEST
