Start testing: May 29 17:16 CEST
----------------------------------------------------------
9/27 Testing: arrows_ALL_step3
9/27 Test: arrows_ALL_step3
Command: "/usr/bin/node" "Test_JsRoot.js" "arrows"
Directory: /home/adrianduesselberg/root-graphic-tests
"arrows_ALL_step3" start time: May 29 17:16 CEST
Output:
----------------------------------------------------------
Set jsroot source_dir to file:///home/adrianduesselberg/build/js/, dev 18/03/2024
JSROOT version dev 18/03/2024
MATCH: arrows - Lengths [Pro: 1572, Ref: 1572]
<end of output>
Test time =   1.50 sec
----------------------------------------------------------
Test Passed.
"arrows_ALL_step3" end time: May 29 17:16 CEST
"arrows_ALL_step3" time elapsed: 00:00:01
----------------------------------------------------------

21/27 Testing: ellipse_ALL_step3
21/27 Test: ellipse_ALL_step3
Command: "/usr/bin/node" "Test_JsRoot.js" "ellipse"
Directory: /home/adrianduesselberg/root-graphic-tests
"ellipse_ALL_step3" start time: May 29 17:16 CEST
Output:
----------------------------------------------------------
Set jsroot source_dir to file:///home/adrianduesselberg/build/js/, dev 18/03/2024
JSROOT version dev 18/03/2024
MATCH: ellipse - Lengths [Pro: 2369, Ref: 2369]
<end of output>
Test time =   1.90 sec
----------------------------------------------------------
Test Passed.
"ellipse_ALL_step3" end time: May 29 17:16 CEST
"ellipse_ALL_step3" time elapsed: 00:00:01
----------------------------------------------------------

27/27 Testing: first_ALL_step3
27/27 Test: first_ALL_step3
Command: "/usr/bin/node" "Test_JsRoot.js" "first"
Directory: /home/adrianduesselberg/root-graphic-tests
"first_ALL_step3" start time: May 29 17:16 CEST
Output:
----------------------------------------------------------
Set jsroot source_dir to file:///home/adrianduesselberg/build/js/, dev 18/03/2024
JSROOT version dev 18/03/2024
MATCH: first - Lengths [Pro: 6792, Ref: 6792]
<end of output>
Test time =   1.93 sec
----------------------------------------------------------
Test Passed.
"first_ALL_step3" end time: May 29 17:16 CEST
"first_ALL_step3" time elapsed: 00:00:01
----------------------------------------------------------

3/27 Testing: analyze_ALL_step3
3/27 Test: analyze_ALL_step3
Command: "/usr/bin/node" "Test_JsRoot.js" "analyze"
Directory: /home/adrianduesselberg/root-graphic-tests
"analyze_ALL_step3" start time: May 29 17:16 CEST
Output:
----------------------------------------------------------
Set jsroot source_dir to file:///home/adrianduesselberg/build/js/, dev 18/03/2024
JSROOT version dev 18/03/2024
MATCH: analyze - Lengths [Pro: 11643, Ref: 11643]
<end of output>
Test time =   2.06 sec
----------------------------------------------------------
Test Passed.
"analyze_ALL_step3" end time: May 29 17:16 CEST
"analyze_ALL_step3" time elapsed: 00:00:02
----------------------------------------------------------

22/27 Testing: eval_JsRootTest_s
22/27 Test: eval_JsRootTest_s
Command: "/usr/bin/node" "Test_JsRoot.js" "eval"
Directory: /home/adrianduesselberg/root-graphic-tests
"eval_JsRootTest_s" start time: May 29 17:16 CEST
Output:
----------------------------------------------------------
Set jsroot source_dir to file:///home/adrianduesselberg/build/js/, dev 18/03/2024
JSROOT version dev 18/03/2024
MATCH: eval - Lengths [Pro: 2887, Ref: 2887]
<end of output>
Test time =   2.40 sec
----------------------------------------------------------
Test Passed.
"eval_JsRootTest_s" end time: May 29 17:16 CEST
"eval_JsRootTest_s" time elapsed: 00:00:02
----------------------------------------------------------

6/27 Testing: archi_ALL_step3
6/27 Test: archi_ALL_step3
Command: "/usr/bin/node" "Test_JsRoot.js" "archi"
Directory: /home/adrianduesselberg/root-graphic-tests
"archi_ALL_step3" start time: May 29 17:16 CEST
Output:
----------------------------------------------------------
Set jsroot source_dir to file:///home/adrianduesselberg/build/js/, dev 18/03/2024
JSROOT version dev 18/03/2024
MATCH: archi - Lengths [Pro: 41892, Ref: 41892]
<end of output>
Test time =   2.46 sec
----------------------------------------------------------
Test Passed.
"archi_ALL_step3" end time: May 29 17:16 CEST
"archi_ALL_step3" time elapsed: 00:00:02
----------------------------------------------------------

12/27 Testing: compile_ALL_step3
12/27 Test: compile_ALL_step3
Command: "/usr/bin/node" "Test_JsRoot.js" "compile"
Directory: /home/adrianduesselberg/root-graphic-tests
"compile_ALL_step3" start time: May 29 17:16 CEST
Output:
----------------------------------------------------------
Set jsroot source_dir to file:///home/adrianduesselberg/build/js/, dev 18/03/2024
JSROOT version dev 18/03/2024
MATCH: compile - Lengths [Pro: 1700, Ref: 1700]
<end of output>
Test time =   2.58 sec
----------------------------------------------------------
Test Passed.
"compile_ALL_step3" end time: May 29 17:16 CEST
"compile_ALL_step3" time elapsed: 00:00:02
----------------------------------------------------------

24/27 Testing: feynman_JsRootTest_s
24/27 Test: feynman_JsRootTest_s
Command: "/usr/bin/node" "Test_JsRoot.js" "feynman"
Directory: /home/adrianduesselberg/root-graphic-tests
"feynman_JsRootTest_s" start time: May 29 17:16 CEST
Output:
----------------------------------------------------------
Set jsroot source_dir to file:///home/adrianduesselberg/build/js/, dev 18/03/2024
JSROOT version dev 18/03/2024
MATCH: feynman - Lengths [Pro: 16896, Ref: 16896]
<end of output>
Test time =   2.62 sec
----------------------------------------------------------
Test Passed.
"feynman_JsRootTest_s" end time: May 29 17:16 CEST
"feynman_JsRootTest_s" time elapsed: 00:00:02
----------------------------------------------------------

15/27 Testing: crown_ALL_step3
15/27 Test: crown_ALL_step3
Command: "/usr/bin/node" "Test_JsRoot.js" "crown"
Directory: /home/adrianduesselberg/root-graphic-tests
"crown_ALL_step3" start time: May 29 17:16 CEST
Output:
----------------------------------------------------------
Set jsroot source_dir to file:///home/adrianduesselberg/build/js/, dev 18/03/2024
JSROOT version dev 18/03/2024
MATCH: crown - Lengths [Pro: 1605, Ref: 1605]
<end of output>
Test time =   2.74 sec
----------------------------------------------------------
Test Passed.
"crown_ALL_step3" end time: May 29 17:16 CEST
"crown_ALL_step3" time elapsed: 00:00:02
----------------------------------------------------------

23/27 Testing: event_JsRootTest_s
23/27 Test: event_JsRootTest_s
Command: "/usr/bin/node" "Test_JsRoot.js" "event"
Directory: /home/adrianduesselberg/root-graphic-tests
"event_JsRootTest_s" start time: May 29 17:16 CEST
Output:
----------------------------------------------------------
Set jsroot source_dir to file:///home/adrianduesselberg/build/js/, dev 18/03/2024
JSROOT version dev 18/03/2024
MATCH: event - Lengths [Pro: 5344, Ref: 5344]
<end of output>
Test time =   2.87 sec
----------------------------------------------------------
Test Passed.
"event_JsRootTest_s" end time: May 29 17:16 CEST
"event_JsRootTest_s" time elapsed: 00:00:02
----------------------------------------------------------

18/27 Testing: basic3d_ALL_step3
18/27 Test: basic3d_ALL_step3
Command: "/usr/bin/node" "Test_JsRoot.js" "basic3d"
Directory: /home/adrianduesselberg/root-graphic-tests
"basic3d_ALL_step3" start time: May 29 17:16 CEST
Output:
----------------------------------------------------------
Set jsroot source_dir to file:///home/adrianduesselberg/build/js/, dev 18/03/2024
JSROOT version dev 18/03/2024
Creating clones 1 takes 1 ms uniquevis 1
Total visible nodes 1 numfaces 12
Create tm = 11 meshes 1 faces 12
MATCH: basic3d - Lengths [Pro: 8404, Ref: 8404]
<end of output>
Test time =   4.05 sec
----------------------------------------------------------
Test Passed.
"basic3d_ALL_step3" end time: May 29 17:16 CEST
"basic3d_ALL_step3" time elapsed: 00:00:04
----------------------------------------------------------

20/27 Testing: ellipse_ALL_step2
20/27 Test: ellipse_ALL_step2
Command: "/home/adrianduesselberg/build/bin/root" "-l" "-b" "-q" "--web=off" "Test_Root.cpp("ellipse", "o", "macros_1")"
Directory: /home/adrianduesselberg/root-graphic-tests
"ellipse_ALL_step2" start time: May 29 17:16 CEST
Output:
----------------------------------------------------------

Processing Test_Root.cpp("ellipse", "o", "macros_1")...
Info in <TCanvas::Print>: SVG file ./old_svg_pro/ellipse_pro.svg has been created
SVG test passed for ellipse
<end of output>
Test time =   4.68 sec
----------------------------------------------------------
Test Passed.
"ellipse_ALL_step2" end time: May 29 17:16 CEST
"ellipse_ALL_step2" time elapsed: 00:00:04
----------------------------------------------------------

10/27 Testing: compile_ALL_step1
10/27 Test: compile_ALL_step1
Command: "/home/adrianduesselberg/build/bin/root" "-l" "-b" "-q" "Test_Root.cpp("compile", "j", "macros_1")"
Directory: /home/adrianduesselberg/root-graphic-tests
"compile_ALL_step1" start time: May 29 17:16 CEST
Output:
----------------------------------------------------------

Processing Test_Root.cpp("compile", "j", "macros_1")...
Length of produced JSON: 20432
Length of reference JSON: 20432
JSON test passed for compile
<end of output>
Test time =   4.96 sec
----------------------------------------------------------
Test Passed.
"compile_ALL_step1" end time: May 29 17:16 CEST
"compile_ALL_step1" time elapsed: 00:00:04
----------------------------------------------------------

11/27 Testing: compile_ALL_step2
11/27 Test: compile_ALL_step2
Command: "/home/adrianduesselberg/build/bin/root" "-l" "-b" "-q" "--web=off" "Test_Root.cpp("compile", "o", "macros_1")"
Directory: /home/adrianduesselberg/root-graphic-tests
"compile_ALL_step2" start time: May 29 17:16 CEST
Output:
----------------------------------------------------------

Processing Test_Root.cpp("compile", "o", "macros_1")...
Info in <TCanvas::Print>: SVG file ./old_svg_pro/compile_pro.svg has been created
SVG test passed for compile
<end of output>
Test time =   5.19 sec
----------------------------------------------------------
Test Passed.
"compile_ALL_step2" end time: May 29 17:16 CEST
"compile_ALL_step2" time elapsed: 00:00:05
----------------------------------------------------------

1/27 Testing: analyze_ALL_step1
1/27 Test: analyze_ALL_step1
Command: "/home/adrianduesselberg/build/bin/root" "-l" "-b" "-q" "Test_Root.cpp("analyze", "j", "macros_1")"
Directory: /home/adrianduesselberg/root-graphic-tests
"analyze_ALL_step1" start time: May 29 17:16 CEST
Output:
----------------------------------------------------------

Processing Test_Root.cpp("analyze", "j", "macros_1")...
Length of produced JSON: 48717
Length of reference JSON: 48717
JSON test passed for analyze
<end of output>
Test time =   5.28 sec
----------------------------------------------------------
Test Passed.
"analyze_ALL_step1" end time: May 29 17:16 CEST
"analyze_ALL_step1" time elapsed: 00:00:05
----------------------------------------------------------

16/27 Testing: basic3d_ALL_step1
16/27 Test: basic3d_ALL_step1
Command: "/home/adrianduesselberg/build/bin/root" "-l" "-b" "-q" "Test_Root.cpp("basic3d", "j", "macros_1")"
Directory: /home/adrianduesselberg/root-graphic-tests
"basic3d_ALL_step1" start time: May 29 17:16 CEST
Output:
----------------------------------------------------------

Processing Test_Root.cpp("basic3d", "j", "macros_1")...
Length of produced JSON: 22096
Length of reference JSON: 22096
JSON test passed for basic3d
<end of output>
Test time =   5.29 sec
----------------------------------------------------------
Test Passed.
"basic3d_ALL_step1" end time: May 29 17:16 CEST
"basic3d_ALL_step1" time elapsed: 00:00:05
----------------------------------------------------------

2/27 Testing: analyze_ALL_step2
2/27 Test: analyze_ALL_step2
Command: "/home/adrianduesselberg/build/bin/root" "-l" "-b" "-q" "--web=off" "Test_Root.cpp("analyze", "o", "macros_1")"
Directory: /home/adrianduesselberg/root-graphic-tests
"analyze_ALL_step2" start time: May 29 17:16 CEST
Output:
----------------------------------------------------------

Processing Test_Root.cpp("analyze", "o", "macros_1")...
Info in <TCanvas::Print>: SVG file ./old_svg_pro/analyze_pro.svg has been created
SVG test passed for analyze
<end of output>
Test time =   5.48 sec
----------------------------------------------------------
Test Passed.
"analyze_ALL_step2" end time: May 29 17:16 CEST
"analyze_ALL_step2" time elapsed: 00:00:05
----------------------------------------------------------

19/27 Testing: ellipse_ALL_step1
19/27 Test: ellipse_ALL_step1
Command: "/home/adrianduesselberg/build/bin/root" "-l" "-b" "-q" "Test_Root.cpp("ellipse", "j", "macros_1")"
Directory: /home/adrianduesselberg/root-graphic-tests
"ellipse_ALL_step1" start time: May 29 17:16 CEST
Output:
----------------------------------------------------------

Processing Test_Root.cpp("ellipse", "j", "macros_1")...
Length of produced JSON: 19215
Length of reference JSON: 19215
JSON test passed for ellipse
<end of output>
Test time =   5.48 sec
----------------------------------------------------------
Test Passed.
"ellipse_ALL_step1" end time: May 29 17:16 CEST
"ellipse_ALL_step1" time elapsed: 00:00:05
----------------------------------------------------------

17/27 Testing: basic3d_ALL_step2
17/27 Test: basic3d_ALL_step2
Command: "/home/adrianduesselberg/build/bin/root" "-l" "-b" "-q" "--web=off" "Test_Root.cpp("basic3d", "o", "macros_1")"
Directory: /home/adrianduesselberg/root-graphic-tests
"basic3d_ALL_step2" start time: May 29 17:16 CEST
Output:
----------------------------------------------------------

Processing Test_Root.cpp("basic3d", "o", "macros_1")...
Info in <TCanvas::Print>: SVG file ./old_svg_pro/basic3d_pro.svg has been created
SVG test passed for basic3d
<end of output>
Test time =   5.64 sec
----------------------------------------------------------
Test Passed.
"basic3d_ALL_step2" end time: May 29 17:16 CEST
"basic3d_ALL_step2" time elapsed: 00:00:05
----------------------------------------------------------

5/27 Testing: archi_ALL_step2
5/27 Test: archi_ALL_step2
Command: "/home/adrianduesselberg/build/bin/root" "-l" "-b" "-q" "--web=off" "Test_Root.cpp("archi", "o", "macros_1")"
Directory: /home/adrianduesselberg/root-graphic-tests
"archi_ALL_step2" start time: May 29 17:16 CEST
Output:
----------------------------------------------------------

Processing Test_Root.cpp("archi", "o", "macros_1")...
Info in <TCanvas::Print>: SVG file ./old_svg_pro/archi_pro.svg has been created
SVG test passed for archi
<end of output>
Test time =   5.70 sec
----------------------------------------------------------
Test Passed.
"archi_ALL_step2" end time: May 29 17:16 CEST
"archi_ALL_step2" time elapsed: 00:00:05
----------------------------------------------------------

7/27 Testing: arrows_ALL_step1
7/27 Test: arrows_ALL_step1
Command: "/home/adrianduesselberg/build/bin/root" "-l" "-b" "-q" "Test_Root.cpp("arrows", "j", "macros_1")"
Directory: /home/adrianduesselberg/root-graphic-tests
"arrows_ALL_step1" start time: May 29 17:16 CEST
Output:
----------------------------------------------------------

Processing Test_Root.cpp("arrows", "j", "macros_1")...
Length of produced JSON: 19643
Length of reference JSON: 19643
JSON test passed for arrows
<end of output>
Test time =   5.73 sec
----------------------------------------------------------
Test Passed.
"arrows_ALL_step1" end time: May 29 17:16 CEST
"arrows_ALL_step1" time elapsed: 00:00:05
----------------------------------------------------------

26/27 Testing: first_ALL_step2
26/27 Test: first_ALL_step2
Command: "/home/adrianduesselberg/build/bin/root" "-l" "-b" "-q" "--web=off" "Test_Root.cpp("first", "o", "macros_1")"
Directory: /home/adrianduesselberg/root-graphic-tests
"first_ALL_step2" start time: May 29 17:16 CEST
Output:
----------------------------------------------------------

Processing Test_Root.cpp("first", "o", "macros_1")...
Info in <TCanvas::Print>: SVG file ./old_svg_pro/first_pro.svg has been created
SVG test passed for first
<end of output>
Test time =   5.81 sec
----------------------------------------------------------
Test Passed.
"first_ALL_step2" end time: May 29 17:16 CEST
"first_ALL_step2" time elapsed: 00:00:05
----------------------------------------------------------

8/27 Testing: arrows_ALL_step2
8/27 Test: arrows_ALL_step2
Command: "/home/adrianduesselberg/build/bin/root" "-l" "-b" "-q" "--web=off" "Test_Root.cpp("arrows", "o", "macros_1")"
Directory: /home/adrianduesselberg/root-graphic-tests
"arrows_ALL_step2" start time: May 29 17:16 CEST
Output:
----------------------------------------------------------

Processing Test_Root.cpp("arrows", "o", "macros_1")...
Info in <TCanvas::Print>: SVG file ./old_svg_pro/arrows_pro.svg has been created
SVG test passed for arrows
<end of output>
Test time =   5.88 sec
----------------------------------------------------------
Test Passed.
"arrows_ALL_step2" end time: May 29 17:16 CEST
"arrows_ALL_step2" time elapsed: 00:00:05
----------------------------------------------------------

13/27 Testing: crown_ALL_step1
13/27 Test: crown_ALL_step1
Command: "/home/adrianduesselberg/build/bin/root" "-l" "-b" "-q" "Test_Root.cpp("crown", "j", "macros_1")"
Directory: /home/adrianduesselberg/root-graphic-tests
"crown_ALL_step1" start time: May 29 17:16 CEST
Output:
----------------------------------------------------------

Processing Test_Root.cpp("crown", "j", "macros_1")...
Length of produced JSON: 18566
Length of reference JSON: 18566
JSON test passed for crown
<end of output>
Test time =   5.88 sec
----------------------------------------------------------
Test Passed.
"crown_ALL_step1" end time: May 29 17:16 CEST
"crown_ALL_step1" time elapsed: 00:00:05
----------------------------------------------------------

14/27 Testing: crown_ALL_step2
14/27 Test: crown_ALL_step2
Command: "/home/adrianduesselberg/build/bin/root" "-l" "-b" "-q" "--web=off" "Test_Root.cpp("crown", "o", "macros_1")"
Directory: /home/adrianduesselberg/root-graphic-tests
"crown_ALL_step2" start time: May 29 17:16 CEST
Output:
----------------------------------------------------------

Processing Test_Root.cpp("crown", "o", "macros_1")...
Info in <TCanvas::Print>: SVG file ./old_svg_pro/crown_pro.svg has been created
SVG test passed for crown
<end of output>
Test time =   5.91 sec
----------------------------------------------------------
Test Passed.
"crown_ALL_step2" end time: May 29 17:16 CEST
"crown_ALL_step2" time elapsed: 00:00:05
----------------------------------------------------------

25/27 Testing: first_ALL_step1
25/27 Test: first_ALL_step1
Command: "/home/adrianduesselberg/build/bin/root" "-l" "-b" "-q" "Test_Root.cpp("first", "j", "macros_1")"
Directory: /home/adrianduesselberg/root-graphic-tests
"first_ALL_step1" start time: May 29 17:16 CEST
Output:
----------------------------------------------------------

Processing Test_Root.cpp("first", "j", "macros_1")...
Length of produced JSON: 32025
Length of reference JSON: 32025
JSON test passed for first
<end of output>
Test time =   5.97 sec
----------------------------------------------------------
Test Passed.
"first_ALL_step1" end time: May 29 17:16 CEST
"first_ALL_step1" time elapsed: 00:00:05
----------------------------------------------------------

4/27 Testing: archi_ALL_step1
4/27 Test: archi_ALL_step1
Command: "/home/adrianduesselberg/build/bin/root" "-l" "-b" "-q" "Test_Root.cpp("archi", "j", "macros_1")"
Directory: /home/adrianduesselberg/root-graphic-tests
"archi_ALL_step1" start time: May 29 17:16 CEST
Output:
----------------------------------------------------------

Processing Test_Root.cpp("archi", "j", "macros_1")...
Length of produced JSON: 84612
Length of reference JSON: 84612
JSON test passed for archi
<end of output>
Test time =   6.13 sec
----------------------------------------------------------
Test Passed.
"archi_ALL_step1" end time: May 29 17:16 CEST
"archi_ALL_step1" time elapsed: 00:00:06
----------------------------------------------------------

End testing: May 29 17:16 CEST
