Start testing: May 07 14:47 CEST
----------------------------------------------------------
1/1 Testing: JsonTests
1/1 Test: JsonTests
Command: "/home/adrianduesselberg/root-graphic-tests/build/test/JsonTests"
Directory: /home/adrianduesselberg/root-graphic-tests/build/test
"JsonTests" start time: May 07 14:47 CEST
Output:
----------------------------------------------------------
Running main() from /home/adrianduesselberg/root-graphic-tests/googletest/googletest/src/gtest_main.cc
[==========] Running 10 tests from 1 test suite.
[----------] Global test environment set-up.
[----------] 10 tests from TestGraphicJSON
[ RUN      ] TestGraphicJSON.AnalyzeFunction
Error in <TApplication::ExecuteFile>: macro ./graphics/analyze.C not found in path .:/home/adrianduesselberg/build/macros
[       OK ] TestGraphicJSON.AnalyzeFunction (140 ms)
[ RUN      ] TestGraphicJSON.ArchiFunction
Error in <TApplication::ExecuteFile>: macro ./graphics/archi.C not found in path .:/home/adrianduesselberg/build/macros
[       OK ] TestGraphicJSON.ArchiFunction (0 ms)
[ RUN      ] TestGraphicJSON.ArrowsFunction
Error in <TApplication::ExecuteFile>: macro ./graphics/arrows.C not found in path .:/home/adrianduesselberg/build/macros
[       OK ] TestGraphicJSON.ArrowsFunction (0 ms)
[ RUN      ] TestGraphicJSON.Basic3dFunction
Error in <TApplication::ExecuteFile>: macro ./graphics/basic3d.C not found in path .:/home/adrianduesselberg/build/macros
[       OK ] TestGraphicJSON.Basic3dFunction (0 ms)
[ RUN      ] TestGraphicJSON.CompileFunction
Error in <TApplication::ExecuteFile>: macro ./graphics/compile.C not found in path .:/home/adrianduesselberg/build/macros
[       OK ] TestGraphicJSON.CompileFunction (0 ms)
[ RUN      ] TestGraphicJSON.CrownFunction
Error in <TApplication::ExecuteFile>: macro ./graphics/crown.C not found in path .:/home/adrianduesselberg/build/macros
[       OK ] TestGraphicJSON.CrownFunction (0 ms)
[ RUN      ] TestGraphicJSON.EllipseFunction
Error in <TApplication::ExecuteFile>: macro ./graphics/ellipse.C not found in path .:/home/adrianduesselberg/build/macros
[       OK ] TestGraphicJSON.EllipseFunction (0 ms)
[ RUN      ] TestGraphicJSON.EvalFunction
Error in <TApplication::ExecuteFile>: macro ./graphics/eval.C not found in path .:/home/adrianduesselberg/build/macros
[       OK ] TestGraphicJSON.EvalFunction (0 ms)
[ RUN      ] TestGraphicJSON.EventFunction
Error in <TApplication::ExecuteFile>: macro ./graphics/event.C not found in path .:/home/adrianduesselberg/build/macros
[       OK ] TestGraphicJSON.EventFunction (0 ms)
[ RUN      ] TestGraphicJSON.FeynmanFunction
Error in <TApplication::ExecuteFile>: macro ./graphics/feynman.C not found in path .:/home/adrianduesselberg/build/macros
[       OK ] TestGraphicJSON.FeynmanFunction (0 ms)
[----------] 10 tests from TestGraphicJSON (141 ms total)

[----------] Global test environment tear-down
[==========] 10 tests from 1 test suite ran. (141 ms total)
[  PASSED  ] 10 tests.
<end of output>
Test time =   0.18 sec
----------------------------------------------------------
Test Passed.
"JsonTests" end time: May 07 14:47 CEST
"JsonTests" time elapsed: 00:00:00
----------------------------------------------------------

End testing: May 07 14:47 CEST
