Start testing: May 12 09:09 CEST
----------------------------------------------------------
2/2 Testing: GraphsTest
2/2 Test: GraphsTest
Command: "/home/adrianduesselberg/root-graphic-tests/build/test/GraphsTest"
Directory: /home/adrianduesselberg/root-graphic-tests/build/test
"GraphsTest" start time: May 12 09:09 CEST
Output:
----------------------------------------------------------
Running main() from /home/adrianduesselberg/root-graphic-tests/googletest/googletest/src/gtest_main.cc
[==========] Running 1 test from 1 test suite.
[----------] Global test environment set-up.
[----------] 1 test from TestGraphsJSON
[ RUN      ] TestGraphsJSON.GraphFunction
input_line_8:2:2: error: expected expression
 ../root-graphic-tests/graphs/graph.C
 ^
[       OK ] TestGraphsJSON.GraphFunction (134 ms)
[----------] 1 test from TestGraphsJSON (134 ms total)

[----------] Global test environment tear-down
[==========] 1 test from 1 test suite ran. (134 ms total)
[  PASSED  ] 1 test.
<end of output>
Test time =   0.16 sec
----------------------------------------------------------
Test Passed.
"GraphsTest" end time: May 12 09:09 CEST
"GraphsTest" time elapsed: 00:00:00
----------------------------------------------------------

End testing: May 12 09:09 CEST
