Start testing: May 29 11:45 CEST
----------------------------------------------------------
1/14 Testing: analyze_RootTest
1/14 Test: analyze_RootTest
Command: "/home/adrianduesselberg/build/bin/root" "-l" "-b" "-q" "Test_Root.cpp("analyze", "j" )"
Directory: /home/adrianduesselberg/root-graphic-tests
"analyze_RootTest" start time: May 29 11:45 CEST
Output:
----------------------------------------------------------

Processing Test_Root.cpp("analyze", "j" )...
Length of produced JSON: 48717
Length of reference JSON: 48717
JSON test passed for analyze
<end of output>
Test time =   2.02 sec
----------------------------------------------------------
Test Passed.
"analyze_RootTest" end time: May 29 11:45 CEST
"analyze_RootTest" time elapsed: 00:00:02
----------------------------------------------------------

2/14 Testing: archi_RootTest
2/14 Test: archi_RootTest
Command: "/home/adrianduesselberg/build/bin/root" "-l" "-b" "-q" "--web=off" "Test_Root.cpp("archi", "o" )"
Directory: /home/adrianduesselberg/root-graphic-tests
"archi_RootTest" start time: May 29 11:45 CEST
Output:
----------------------------------------------------------

Processing Test_Root.cpp("archi", "o" )...
Info in <TCanvas::Print>: SVG file ./old_svg_pro/archi_pro.svg has been created
SVG test passed for archi
<end of output>
Test time =   2.08 sec
----------------------------------------------------------
Test Passed.
"archi_RootTest" end time: May 29 11:45 CEST
"archi_RootTest" time elapsed: 00:00:02
----------------------------------------------------------

3/14 Testing: arrows_RootTest
3/14 Test: arrows_RootTest
Command: "/home/adrianduesselberg/build/bin/root" "-l" "-b" "-q" "--web=off" "Test_Root.cpp("arrows", "o" )"
Directory: /home/adrianduesselberg/root-graphic-tests
"arrows_RootTest" start time: May 29 11:45 CEST
Output:
----------------------------------------------------------

Processing Test_Root.cpp("arrows", "o" )...
Info in <TCanvas::Print>: SVG file ./old_svg_pro/arrows_pro.svg has been created
SVG test passed for arrows
<end of output>
Test time =   1.98 sec
----------------------------------------------------------
Test Passed.
"arrows_RootTest" end time: May 29 11:45 CEST
"arrows_RootTest" time elapsed: 00:00:01
----------------------------------------------------------

4/14 Testing: compile_RootTest
4/14 Test: compile_RootTest
Command: "/home/adrianduesselberg/build/bin/root" "-l" "-b" "-q" "Test_Root.cpp("compile", "j" )"
Directory: /home/adrianduesselberg/root-graphic-tests
"compile_RootTest" start time: May 29 11:45 CEST
Output:
----------------------------------------------------------

Processing Test_Root.cpp("compile", "j" )...
Length of produced JSON: 20432
Length of reference JSON: 20432
JSON test passed for compile
<end of output>
Test time =   1.96 sec
----------------------------------------------------------
Test Passed.
"compile_RootTest" end time: May 29 11:45 CEST
"compile_RootTest" time elapsed: 00:00:01
----------------------------------------------------------

5/14 Testing: crown_RootTest
5/14 Test: crown_RootTest
Command: "/home/adrianduesselberg/build/bin/root" "-l" "-b" "-q" "--web=off" "Test_Root.cpp("crown", "o" )"
Directory: /home/adrianduesselberg/root-graphic-tests
"crown_RootTest" start time: May 29 11:45 CEST
Output:
----------------------------------------------------------

Processing Test_Root.cpp("crown", "o" )...
Info in <TCanvas::Print>: SVG file ./old_svg_pro/crown_pro.svg has been created
SVG test passed for crown
<end of output>
Test time =   1.96 sec
----------------------------------------------------------
Test Passed.
"crown_RootTest" end time: May 29 11:45 CEST
"crown_RootTest" time elapsed: 00:00:01
----------------------------------------------------------

6/14 Testing: basic3d_RootTest
6/14 Test: basic3d_RootTest
Command: "/home/adrianduesselberg/build/bin/root" "-l" "-b" "-q" "--web=off" "Test_Root.cpp("basic3d", "o" )"
Directory: /home/adrianduesselberg/root-graphic-tests
"basic3d_RootTest" start time: May 29 11:45 CEST
Output:
----------------------------------------------------------

Processing Test_Root.cpp("basic3d", "o" )...
Info in <TCanvas::Print>: SVG file ./old_svg_pro/basic3d_pro.svg has been created
SVG test passed for basic3d
<end of output>
Test time =   2.02 sec
----------------------------------------------------------
Test Passed.
"basic3d_RootTest" end time: May 29 11:45 CEST
"basic3d_RootTest" time elapsed: 00:00:02
----------------------------------------------------------

7/14 Testing: ellipse_RootTest
7/14 Test: ellipse_RootTest
Command: "/home/adrianduesselberg/build/bin/root" "-l" "-b" "-q" "--web=off" "Test_Root.cpp("ellipse", "o" )"
Directory: /home/adrianduesselberg/root-graphic-tests
"ellipse_RootTest" start time: May 29 11:45 CEST
Output:
----------------------------------------------------------

Processing Test_Root.cpp("ellipse", "o" )...
Info in <TCanvas::Print>: SVG file ./old_svg_pro/ellipse_pro.svg has been created
SVG test passed for ellipse
<end of output>
Test time =   2.09 sec
----------------------------------------------------------
Test Passed.
"ellipse_RootTest" end time: May 29 11:45 CEST
"ellipse_RootTest" time elapsed: 00:00:02
----------------------------------------------------------

8/14 Testing: analyze_JsRootTest
8/14 Test: analyze_JsRootTest
Command: "/usr/bin/node" "Test_JsRoot.js" "analyze"
Directory: /home/adrianduesselberg/root-graphic-tests
"analyze_JsRootTest" start time: May 29 11:45 CEST
Output:
----------------------------------------------------------
Set jsroot source_dir to file:///home/adrianduesselberg/build/js/, dev 18/03/2024
JSROOT version dev 18/03/2024
MATCH: analyze - Lengths [Pro: 11643, Ref: 11643]
<end of output>
Test time =   0.60 sec
----------------------------------------------------------
Test Passed.
"analyze_JsRootTest" end time: May 29 11:45 CEST
"analyze_JsRootTest" time elapsed: 00:00:00
----------------------------------------------------------

9/14 Testing: archi_JsRootTest
9/14 Test: archi_JsRootTest
Command: "/usr/bin/node" "Test_JsRoot.js" "archi"
Directory: /home/adrianduesselberg/root-graphic-tests
"archi_JsRootTest" start time: May 29 11:45 CEST
Output:
----------------------------------------------------------
Set jsroot source_dir to file:///home/adrianduesselberg/build/js/, dev 18/03/2024
JSROOT version dev 18/03/2024
MATCH: archi - Lengths [Pro: 41892, Ref: 41892]
<end of output>
Test time =   0.68 sec
----------------------------------------------------------
Test Passed.
"archi_JsRootTest" end time: May 29 11:45 CEST
"archi_JsRootTest" time elapsed: 00:00:00
----------------------------------------------------------

10/14 Testing: arrows_JsRootTest
10/14 Test: arrows_JsRootTest
Command: "/usr/bin/node" "Test_JsRoot.js" "arrows"
Directory: /home/adrianduesselberg/root-graphic-tests
"arrows_JsRootTest" start time: May 29 11:45 CEST
Output:
----------------------------------------------------------
Set jsroot source_dir to file:///home/adrianduesselberg/build/js/, dev 18/03/2024
JSROOT version dev 18/03/2024
MATCH: arrows - Lengths [Pro: 1572, Ref: 1572]
<end of output>
Test time =   0.56 sec
----------------------------------------------------------
Test Passed.
"arrows_JsRootTest" end time: May 29 11:45 CEST
"arrows_JsRootTest" time elapsed: 00:00:00
----------------------------------------------------------

11/14 Testing: compile_JsRootTest
11/14 Test: compile_JsRootTest
Command: "/usr/bin/node" "Test_JsRoot.js" "compile"
Directory: /home/adrianduesselberg/root-graphic-tests
"compile_JsRootTest" start time: May 29 11:45 CEST
Output:
----------------------------------------------------------
Set jsroot source_dir to file:///home/adrianduesselberg/build/js/, dev 18/03/2024
JSROOT version dev 18/03/2024
MATCH: compile - Lengths [Pro: 1700, Ref: 1700]
<end of output>
Test time =   0.61 sec
----------------------------------------------------------
Test Passed.
"compile_JsRootTest" end time: May 29 11:45 CEST
"compile_JsRootTest" time elapsed: 00:00:00
----------------------------------------------------------

12/14 Testing: crown_JsRootTest
12/14 Test: crown_JsRootTest
Command: "/usr/bin/node" "Test_JsRoot.js" "crown"
Directory: /home/adrianduesselberg/root-graphic-tests
"crown_JsRootTest" start time: May 29 11:45 CEST
Output:
----------------------------------------------------------
Set jsroot source_dir to file:///home/adrianduesselberg/build/js/, dev 18/03/2024
JSROOT version dev 18/03/2024
MATCH: crown - Lengths [Pro: 1605, Ref: 1605]
<end of output>
Test time =   0.55 sec
----------------------------------------------------------
Test Passed.
"crown_JsRootTest" end time: May 29 11:45 CEST
"crown_JsRootTest" time elapsed: 00:00:00
----------------------------------------------------------

13/14 Testing: basic3d_JsRootTest
13/14 Test: basic3d_JsRootTest
Command: "/usr/bin/node" "Test_JsRoot.js" "basic3d"
Directory: /home/adrianduesselberg/root-graphic-tests
"basic3d_JsRootTest" start time: May 29 11:45 CEST
Output:
----------------------------------------------------------
Set jsroot source_dir to file:///home/adrianduesselberg/build/js/, dev 18/03/2024
JSROOT version dev 18/03/2024
Creating clones 1 takes 1 ms uniquevis 1
Total visible nodes 1 numfaces 12
Create tm = 2 meshes 1 faces 12
MATCH: basic3d - Lengths [Pro: 8404, Ref: 8404]
<end of output>
Test time =   1.20 sec
----------------------------------------------------------
Test Passed.
"basic3d_JsRootTest" end time: May 29 11:45 CEST
"basic3d_JsRootTest" time elapsed: 00:00:01
----------------------------------------------------------

14/14 Testing: ellipse_JsRootTest
14/14 Test: ellipse_JsRootTest
Command: "/usr/bin/node" "Test_JsRoot.js" "ellipse"
Directory: /home/adrianduesselberg/root-graphic-tests
"ellipse_JsRootTest" start time: May 29 11:45 CEST
Output:
----------------------------------------------------------
Set jsroot source_dir to file:///home/adrianduesselberg/build/js/, dev 18/03/2024
JSROOT version dev 18/03/2024
MATCH: ellipse - Lengths [Pro: 2369, Ref: 2369]
<end of output>
Test time =   0.56 sec
----------------------------------------------------------
Test Passed.
"ellipse_JsRootTest" end time: May 29 11:45 CEST
"ellipse_JsRootTest" time elapsed: 00:00:00
----------------------------------------------------------

End testing: May 29 11:45 CEST
