Start testing: May 16 17:05 CEST
----------------------------------------------------------
6/6 Testing: SVGTest
6/6 Test: SVGTest
Command: "/usr/bin/node" "Test_SVG.js"
Directory: /home/adrianduesselberg/root-graphic-tests/build/test
"SVGTest" start time: May 16 17:05 CEST
Output:
----------------------------------------------------------
Set jsroot source_dir to file:///home/adrianduesselberg/build/js/, dev 18/03/2024
JSROOT version dev 18/03/2024
MATCH: analyze - Lengths [Pro: 11643, Ref: 11643]
<end of output>
Test time =   0.61 sec
----------------------------------------------------------
Test Passed.
"SVGTest" end time: May 16 17:05 CEST
"SVGTest" time elapsed: 00:00:00
----------------------------------------------------------

End testing: May 16 17:05 CEST
