Start testing: May 16 17:05 CEST
----------------------------------------------------------
1/6 Testing: analyze
1/6 Test: analyze
Command: "/home/adrianduesselberg/root-graphic-tests/build/test/JsonTests" "MacroTests.RunMacro/analyze"
Directory: /home/adrianduesselberg/root-graphic-tests/build/test
"analyze" start time: May 16 17:05 CEST
Output:
----------------------------------------------------------
Running main() from /home/adrianduesselberg/root-graphic-tests/googletest/googletest/src/gtest_main.cc
[==========] Running 6 tests from 1 test suite.
[----------] Global test environment set-up.
[----------] 6 tests from MacroTests/TestJSON
[ RUN      ] MacroTests/TestJSON.RunMacro/0
Running macro: analyze
<end of output>
Test time =   0.25 sec
----------------------------------------------------------
Test Passed.
"analyze" end time: May 16 17:05 CEST
"analyze" time elapsed: 00:00:00
----------------------------------------------------------

2/6 Testing: archi
2/6 Test: archi
Command: "/home/adrianduesselberg/root-graphic-tests/build/test/JsonTests" "MacroTests.RunMacro/archi"
Directory: /home/adrianduesselberg/root-graphic-tests/build/test
"archi" start time: May 16 17:05 CEST
Output:
----------------------------------------------------------
Running main() from /home/adrianduesselberg/root-graphic-tests/googletest/googletest/src/gtest_main.cc
[==========] Running 6 tests from 1 test suite.
[----------] Global test environment set-up.
[----------] 6 tests from MacroTests/TestJSON
[ RUN      ] MacroTests/TestJSON.RunMacro/0
Running macro: analyze
<end of output>
Test time =   0.24 sec
----------------------------------------------------------
Test Passed.
"archi" end time: May 16 17:05 CEST
"archi" time elapsed: 00:00:00
----------------------------------------------------------

3/6 Testing: basic3d
3/6 Test: basic3d
Command: "/home/adrianduesselberg/root-graphic-tests/build/test/JsonTests" "MacroTests.RunMacro/basic3d"
Directory: /home/adrianduesselberg/root-graphic-tests/build/test
"basic3d" start time: May 16 17:05 CEST
Output:
----------------------------------------------------------
Running main() from /home/adrianduesselberg/root-graphic-tests/googletest/googletest/src/gtest_main.cc
[==========] Running 6 tests from 1 test suite.
[----------] Global test environment set-up.
[----------] 6 tests from MacroTests/TestJSON
[ RUN      ] MacroTests/TestJSON.RunMacro/0
Running macro: analyze
<end of output>
Test time =   0.24 sec
----------------------------------------------------------
Test Passed.
"basic3d" end time: May 16 17:05 CEST
"basic3d" time elapsed: 00:00:00
----------------------------------------------------------

4/6 Testing: compile
4/6 Test: compile
Command: "/home/adrianduesselberg/root-graphic-tests/build/test/JsonTests" "MacroTests.RunMacro/compile"
Directory: /home/adrianduesselberg/root-graphic-tests/build/test
"compile" start time: May 16 17:05 CEST
Output:
----------------------------------------------------------
Running main() from /home/adrianduesselberg/root-graphic-tests/googletest/googletest/src/gtest_main.cc
[==========] Running 6 tests from 1 test suite.
[----------] Global test environment set-up.
[----------] 6 tests from MacroTests/TestJSON
[ RUN      ] MacroTests/TestJSON.RunMacro/0
Running macro: analyze
<end of output>
Test time =   0.24 sec
----------------------------------------------------------
Test Passed.
"compile" end time: May 16 17:05 CEST
"compile" time elapsed: 00:00:00
----------------------------------------------------------

5/6 Testing: crown
5/6 Test: crown
Command: "/home/adrianduesselberg/root-graphic-tests/build/test/JsonTests" "MacroTests.RunMacro/crown"
Directory: /home/adrianduesselberg/root-graphic-tests/build/test
"crown" start time: May 16 17:05 CEST
Output:
----------------------------------------------------------
Running main() from /home/adrianduesselberg/root-graphic-tests/googletest/googletest/src/gtest_main.cc
[==========] Running 6 tests from 1 test suite.
[----------] Global test environment set-up.
[----------] 6 tests from MacroTests/TestJSON
[ RUN      ] MacroTests/TestJSON.RunMacro/0
Running macro: analyze
<end of output>
Test time =   0.23 sec
----------------------------------------------------------
Test Passed.
"crown" end time: May 16 17:05 CEST
"crown" time elapsed: 00:00:00
----------------------------------------------------------

6/6 Testing: SVGTest
6/6 Test: SVGTest
Command: "/usr/bin/node" "Test_SVG.js"
Directory: /home/adrianduesselberg/root-graphic-tests/build/test
"SVGTest" start time: May 16 17:05 CEST
Output:
----------------------------------------------------------
Set jsroot source_dir to file:///home/adrianduesselberg/build/js/, dev 18/03/2024
JSROOT version dev 18/03/2024
MATCH: analyze - Lengths [Pro: 11643, Ref: 11643]
<end of output>
Test time =   0.63 sec
----------------------------------------------------------
Test Passed.
"SVGTest" end time: May 16 17:05 CEST
"SVGTest" time elapsed: 00:00:00
----------------------------------------------------------

End testing: May 16 17:05 CEST
