Start testing: May 02 14:40 CEST
----------------------------------------------------------
1/1 Testing: JsonTests
1/1 Test: JsonTests
Command: "/home/adrianduesselberg/root-graphic-tests/build/test/JsonTests"
Directory: /home/adrianduesselberg/root-graphic-tests/build/test
"JsonTests" start time: May 02 14:40 CEST
Output:
----------------------------------------------------------
Running main() from /home/adrianduesselberg/root-graphic-tests/googletest/googletest/src/gtest_main.cc
[==========] Running 1 test from 1 test suite.
[----------] Global test environment set-up.
[----------] 1 test from Test_JSON
[ RUN      ] Test_JSON.TestMacros
[       OK ] Test_JSON.TestMacros (0 ms)
[----------] 1 test from Test_JSON (0 ms total)

[----------] Global test environment tear-down
[==========] 1 test from 1 test suite ran. (0 ms total)
[  PASSED  ] 1 test.
<end of output>
Test time =   0.00 sec
----------------------------------------------------------
Test Passed.
"JsonTests" end time: May 02 14:40 CEST
"JsonTests" time elapsed: 00:00:00
----------------------------------------------------------

End testing: May 02 14:40 CEST
