Start testing: May 07 14:08 CEST
----------------------------------------------------------
1/1 Testing: JsonTests
1/1 Test: JsonTests
Command: "/home/adrianduesselberg/root-graphic-tests/build/test/JsonTests"
Directory: /home/adrianduesselberg/root-graphic-tests/build/test
"JsonTests" start time: May 07 14:08 CEST
Output:
----------------------------------------------------------
Running main() from /home/adrianduesselberg/root-graphic-tests/googletest/googletest/src/gtest_main.cc
[==========] Running 10 tests from 1 test suite.
[----------] Global test environment set-up.
[----------] 10 tests from TestGraphicJSON
[ RUN      ] TestGraphicJSON.AnalyzeFunction
[       OK ] TestGraphicJSON.AnalyzeFunction (259 ms)
[ RUN      ] TestGraphicJSON.ArchiFunction
[       OK ] TestGraphicJSON.ArchiFunction (49 ms)
[ RUN      ] TestGraphicJSON.ArrowsFunction
[       OK ] TestGraphicJSON.ArrowsFunction (12 ms)
[ RUN      ] TestGraphicJSON.Basic3dFunction
[       OK ] TestGraphicJSON.Basic3dFunction (22 ms)
[ RUN      ] TestGraphicJSON.CompileFunction
[       OK ] TestGraphicJSON.CompileFunction (12 ms)
[ RUN      ] TestGraphicJSON.CrownFunction
[       OK ] TestGraphicJSON.CrownFunction (12 ms)
[ RUN      ] TestGraphicJSON.EllipseFunction
[       OK ] TestGraphicJSON.EllipseFunction (11 ms)
[ RUN      ] TestGraphicJSON.EvalFunction
[       OK ] TestGraphicJSON.EvalFunction (13 ms)
[ RUN      ] TestGraphicJSON.EventFunction
[       OK ] TestGraphicJSON.EventFunction (18 ms)
[ RUN      ] TestGraphicJSON.FeynmanFunction
[       OK ] TestGraphicJSON.FeynmanFunction (21 ms)
[----------] 10 tests from TestGraphicJSON (433 ms total)

[----------] Global test environment tear-down
[==========] 10 tests from 1 test suite ran. (434 ms total)
[  PASSED  ] 10 tests.
<end of output>
Test time =   0.48 sec
----------------------------------------------------------
Test Passed.
"JsonTests" end time: May 07 14:08 CEST
"JsonTests" time elapsed: 00:00:00
----------------------------------------------------------

End testing: May 07 14:08 CEST
