Start testing: May 10 14:31 CEST
----------------------------------------------------------
2/2 Testing: GraphsTest
2/2 Test: GraphsTest
Command: "/home/adrianduesselberg/root-graphic-tests/build/test/GraphsTest"
Directory: /home/adrianduesselberg/root-graphic-tests/build/test
"GraphsTest" start time: May 10 14:31 CEST
Output:
----------------------------------------------------------
Running main() from /home/adrianduesselberg/root-graphic-tests/googletest/googletest/src/gtest_main.cc
[==========] Running 1 test from 1 test suite.
[----------] Global test environment set-up.
[----------] 1 test from TestGraphsJSON
[ RUN      ] TestGraphsJSON.GraphFunction
 i 0 0.000000 1.986693 
 i 1 0.100000 2.955202 
 i 2 0.200000 3.894183 
 i 3 0.300000 4.794255 
 i 4 0.400000 5.646425 
 i 5 0.500000 6.442177 
 i 6 0.600000 7.173561 
 i 7 0.700000 7.833269 
 i 8 0.800000 8.414710 
 i 9 0.900000 8.912074 
 i 10 1.000000 9.320391 
 i 11 1.100000 9.635582 
 i 12 1.200000 9.854497 
 i 13 1.300000 9.974950 
 i 14 1.400000 9.995736 
 i 15 1.500000 9.916648 
 i 16 1.600000 9.738476 
 i 17 1.700000 9.463001 
 i 18 1.800000 9.092974 
 i 19 1.900000 8.632094 
[       OK ] TestGraphsJSON.GraphFunction (262 ms)
[----------] 1 test from TestGraphsJSON (262 ms total)

[----------] Global test environment tear-down
[==========] 1 test from 1 test suite ran. (262 ms total)
[  PASSED  ] 1 test.
<end of output>
Test time =   0.29 sec
----------------------------------------------------------
Test Passed.
"GraphsTest" end time: May 10 14:31 CEST
"GraphsTest" time elapsed: 00:00:00
----------------------------------------------------------

End testing: May 10 14:31 CEST
