Start testing: Jun 04 15:21 CEST
----------------------------------------------------------
94/99 Testing: exclusiongraph_ALL_step1
94/99 Test: exclusiongraph_ALL_step1
Command: "/home/adrianduesselberg/build/bin/root" "-l" "-b" "-q" "Test_Root.cpp("exclusiongraph", "j", "graphs")"
Directory: /home/adrianduesselberg/root-graphic-tests
"exclusiongraph_ALL_step1" start time: Jun 04 15:21 CEST
Output:
----------------------------------------------------------

Processing Test_Root.cpp("exclusiongraph", "j", "graphs")...
Length of produced JSON: 32863
Length of reference JSON: 32863
JSON test passed for exclusiongraph
<end of output>
Test time =   2.54 sec
----------------------------------------------------------
Test Passed.
"exclusiongraph_ALL_step1" end time: Jun 04 15:22 CEST
"exclusiongraph_ALL_step1" time elapsed: 00:00:02
----------------------------------------------------------

91/99 Testing: annotation3d_ALL_step1
91/99 Test: annotation3d_ALL_step1
Command: "/home/adrianduesselberg/build/bin/root" "-l" "-b" "-q" "Test_Root.cpp("annotation3d", "j", "graphs")"
Directory: /home/adrianduesselberg/root-graphic-tests
"annotation3d_ALL_step1" start time: Jun 04 15:21 CEST
Output:
----------------------------------------------------------

Processing Test_Root.cpp("annotation3d", "j", "graphs")...
Length of produced JSON: 145685
Length of reference JSON: 145685
JSON test passed for annotation3d
<end of output>
Test time =   2.62 sec
----------------------------------------------------------
Test Passed.
"annotation3d_ALL_step1" end time: Jun 04 15:22 CEST
"annotation3d_ALL_step1" time elapsed: 00:00:02
----------------------------------------------------------

98/99 Testing: gerrors_ALL_step2
98/99 Test: gerrors_ALL_step2
Command: "/home/adrianduesselberg/build/bin/root" "-l" "-b" "-q" "--web=off" "Test_Root.cpp("gerrors", "o", "graphs")"
Directory: /home/adrianduesselberg/root-graphic-tests
"gerrors_ALL_step2" start time: Jun 04 15:21 CEST
Output:
----------------------------------------------------------

Processing Test_Root.cpp("gerrors", "o", "graphs")...
Info in <TCanvas::Print>: SVG file ./old_svg_pro/gerrors_pro.svg has been created
SVG test passed for gerrors
<end of output>
Test time =   3.07 sec
----------------------------------------------------------
Test Passed.
"gerrors_ALL_step2" end time: Jun 04 15:22 CEST
"gerrors_ALL_step2" time elapsed: 00:00:03
----------------------------------------------------------

99/99 Testing: gerrors_ALL_step3
99/99 Test: gerrors_ALL_step3
Command: "/usr/bin/node" "Test_JsRoot.js" "gerrors"
Directory: /home/adrianduesselberg/root-graphic-tests
"gerrors_ALL_step3" start time: Jun 04 15:22 CEST
Output:
----------------------------------------------------------
Set jsroot source_dir to file:///home/adrianduesselberg/build/js/, dev 18/03/2024
JSROOT version dev 18/03/2024
MATCH: gerrors - Lengths [Pro: 5053, Ref: 5053]
<end of output>
Test time =   0.78 sec
----------------------------------------------------------
Test Passed.
"gerrors_ALL_step3" end time: Jun 04 15:22 CEST
"gerrors_ALL_step3" time elapsed: 00:00:00
----------------------------------------------------------

97/99 Testing: gerrors_ALL_step1
97/99 Test: gerrors_ALL_step1
Command: "/home/adrianduesselberg/build/bin/root" "-l" "-b" "-q" "Test_Root.cpp("gerrors", "j", "graphs")"
Directory: /home/adrianduesselberg/root-graphic-tests
"gerrors_ALL_step1" start time: Jun 04 15:21 CEST
Output:
----------------------------------------------------------

Processing Test_Root.cpp("gerrors", "j", "graphs")...
Length of produced JSON: 22808
Length of reference JSON: 22808
JSON test passed for gerrors
<end of output>
Test time =   3.37 sec
----------------------------------------------------------
Test Passed.
"gerrors_ALL_step1" end time: Jun 04 15:22 CEST
"gerrors_ALL_step1" time elapsed: 00:00:03
----------------------------------------------------------

95/99 Testing: exclusiongraph_ALL_step2
95/99 Test: exclusiongraph_ALL_step2
Command: "/home/adrianduesselberg/build/bin/root" "-l" "-b" "-q" "--web=off" "Test_Root.cpp("exclusiongraph", "o", "graphs")"
Directory: /home/adrianduesselberg/root-graphic-tests
"exclusiongraph_ALL_step2" start time: Jun 04 15:21 CEST
Output:
----------------------------------------------------------

Processing Test_Root.cpp("exclusiongraph", "o", "graphs")...
Info in <TCanvas::Print>: SVG file ./old_svg_pro/exclusiongraph_pro.svg has been created
SVG test passed for exclusiongraph
<end of output>
Test time =   3.46 sec
----------------------------------------------------------
Test Passed.
"exclusiongraph_ALL_step2" end time: Jun 04 15:22 CEST
"exclusiongraph_ALL_step2" time elapsed: 00:00:03
----------------------------------------------------------

93/99 Testing: annotation3d_ALL_step3
93/99 Test: annotation3d_ALL_step3
Command: "/usr/bin/node" "Test_JsRoot.js" "annotation3d"
Directory: /home/adrianduesselberg/root-graphic-tests
"annotation3d_ALL_step3" start time: Jun 04 15:22 CEST
Output:
----------------------------------------------------------
Set jsroot source_dir to file:///home/adrianduesselberg/build/js/, dev 18/03/2024
JSROOT version dev 18/03/2024
MATCH: annotation3d - Lengths [Pro: 94773, Ref: 94773]
<end of output>
Test time =   1.61 sec
----------------------------------------------------------
Test Passed.
"annotation3d_ALL_step3" end time: Jun 04 15:22 CEST
"annotation3d_ALL_step3" time elapsed: 00:00:01
----------------------------------------------------------

96/99 Testing: exclusiongraph_ALL_step3
96/99 Test: exclusiongraph_ALL_step3
Command: "/usr/bin/node" "Test_JsRoot.js" "exclusiongraph"
Directory: /home/adrianduesselberg/root-graphic-tests
"exclusiongraph_ALL_step3" start time: Jun 04 15:22 CEST
Output:
----------------------------------------------------------
Set jsroot source_dir to file:///home/adrianduesselberg/build/js/, dev 18/03/2024
JSROOT version dev 18/03/2024
MATCH: exclusiongraph - Lengths [Pro: 12099, Ref: 12099]
<end of output>
Test time =   0.83 sec
----------------------------------------------------------
Test Passed.
"exclusiongraph_ALL_step3" end time: Jun 04 15:22 CEST
"exclusiongraph_ALL_step3" time elapsed: 00:00:00
----------------------------------------------------------

92/99 Testing: annotation3d_ALL_step2
92/99 Test: annotation3d_ALL_step2
Command: "/home/adrianduesselberg/build/bin/root" "-l" "-b" "-q" "--web=off" "Test_Root.cpp("annotation3d", "o", "graphs")"
Directory: /home/adrianduesselberg/root-graphic-tests
"annotation3d_ALL_step2" start time: Jun 04 15:21 CEST
Output:
----------------------------------------------------------

Processing Test_Root.cpp("annotation3d", "o", "graphs")...
Info in <TCanvas::Print>: SVG file ./old_svg_pro/annotation3d_pro.svg has been created
SVG test passed for annotation3d
<end of output>
Test time =   4.38 sec
----------------------------------------------------------
Test Passed.
"annotation3d_ALL_step2" end time: Jun 04 15:22 CEST
"annotation3d_ALL_step2" time elapsed: 00:00:04
----------------------------------------------------------

86/99 Testing: tornado_ALL_step2
86/99 Test: tornado_ALL_step2
Command: "/home/adrianduesselberg/build/bin/root" "-l" "-b" "-q" "--web=off" "Test_Root.cpp("tornado", "o", "macros_2")"
Directory: /home/adrianduesselberg/root-graphic-tests
"tornado_ALL_step2" start time: Jun 04 15:21 CEST
Output:
----------------------------------------------------------

Processing Test_Root.cpp("tornado", "o", "macros_2")...
tornado   : Real Time =   0.01 seconds Cpu Time =   0.02 seconds
Info in <TCanvas::Print>: SVG file ./old_svg_pro/tornado_pro.svg has been created
SVG test failed for tornado
<end of output>
Test time =   4.63 sec
----------------------------------------------------------
Test Failed.
"tornado_ALL_step2" end time: Jun 04 15:22 CEST
"tornado_ALL_step2" time elapsed: 00:00:04
----------------------------------------------------------

83/99 Testing: triangles_ALL_step2
83/99 Test: triangles_ALL_step2
Command: "/home/adrianduesselberg/build/bin/root" "-l" "-b" "-q" "--web=off" "Test_Root.cpp("triangles", "o", "macros_2")"
Directory: /home/adrianduesselberg/root-graphic-tests
"triangles_ALL_step2" start time: Jun 04 15:22 CEST
Output:
----------------------------------------------------------

Processing Test_Root.cpp("triangles", "o", "macros_2")...
Info in <TCanvas::Print>: SVG file ./old_svg_pro/triangles_pro.svg has been created
SVG test passed for triangles
<end of output>
Test time =   2.64 sec
----------------------------------------------------------
Test Passed.
"triangles_ALL_step2" end time: Jun 04 15:22 CEST
"triangles_ALL_step2" time elapsed: 00:00:02
----------------------------------------------------------

89/99 Testing: transparency_ALL_step2
89/99 Test: transparency_ALL_step2
Command: "/home/adrianduesselberg/build/bin/root" "-l" "-b" "-q" "--web=off" "Test_Root.cpp("transparency", "o", "macros_2")"
Directory: /home/adrianduesselberg/root-graphic-tests
"transparency_ALL_step2" start time: Jun 04 15:22 CEST
Output:
----------------------------------------------------------

Processing Test_Root.cpp("transparency", "o", "macros_2")...
Info in <TCanvas::Print>: SVG file ./old_svg_pro/transparency_pro.svg has been created
SVG test passed for transparency
<end of output>
Test time =   3.30 sec
----------------------------------------------------------
Test Passed.
"transparency_ALL_step2" end time: Jun 04 15:22 CEST
"transparency_ALL_step2" time elapsed: 00:00:03
----------------------------------------------------------

87/99 Testing: tornado_ALL_step3
87/99 Test: tornado_ALL_step3
Command: "/usr/bin/node" "Test_JsRoot.js" "tornado"
Directory: /home/adrianduesselberg/root-graphic-tests
"tornado_ALL_step3" start time: Jun 04 15:21 CEST
Output:
----------------------------------------------------------
Set jsroot source_dir to file:///home/adrianduesselberg/build/js/, dev 18/03/2024
JSROOT version dev 18/03/2024
Creating clones 1 takes 1 ms uniquevis 1
Total visible nodes 1 numfaces 12
Create tm = 2 meshes 1 faces 12
MATCH: tornado - Lengths [Pro: 55101, Ref: 55101]
<end of output>
Test time =   6.47 sec
----------------------------------------------------------
Test Passed.
"tornado_ALL_step3" end time: Jun 04 15:22 CEST
"tornado_ALL_step3" time elapsed: 00:00:06
----------------------------------------------------------

88/99 Testing: transparency_ALL_step1
88/99 Test: transparency_ALL_step1
Command: "/home/adrianduesselberg/build/bin/root" "-l" "-b" "-q" "Test_Root.cpp("transparency", "j", "macros_2")"
Directory: /home/adrianduesselberg/root-graphic-tests
"transparency_ALL_step1" start time: Jun 04 15:22 CEST
Output:
----------------------------------------------------------

Processing Test_Root.cpp("transparency", "j", "macros_2")...
Length of produced JSON: 21090
Length of reference JSON: 21090
JSON test passed for transparency
<end of output>
Test time =   3.35 sec
----------------------------------------------------------
Test Passed.
"transparency_ALL_step1" end time: Jun 04 15:22 CEST
"transparency_ALL_step1" time elapsed: 00:00:03
----------------------------------------------------------

82/99 Testing: triangles_ALL_step1
82/99 Test: triangles_ALL_step1
Command: "/home/adrianduesselberg/build/bin/root" "-l" "-b" "-q" "Test_Root.cpp("triangles", "j", "macros_2")"
Directory: /home/adrianduesselberg/root-graphic-tests
"triangles_ALL_step1" start time: Jun 04 15:22 CEST
Output:
----------------------------------------------------------

Processing Test_Root.cpp("triangles", "j", "macros_2")...
Length of produced JSON: 42316
Length of reference JSON: 42316
JSON test passed for triangles
<end of output>
Test time =   3.22 sec
----------------------------------------------------------
Test Passed.
"triangles_ALL_step1" end time: Jun 04 15:22 CEST
"triangles_ALL_step1" time elapsed: 00:00:03
----------------------------------------------------------

85/99 Testing: tornado_ALL_step1
85/99 Test: tornado_ALL_step1
Command: "/home/adrianduesselberg/build/bin/root" "-l" "-b" "-q" "Test_Root.cpp("tornado", "j", "macros_2")"
Directory: /home/adrianduesselberg/root-graphic-tests
"tornado_ALL_step1" start time: Jun 04 15:22 CEST
Output:
----------------------------------------------------------

Processing Test_Root.cpp("tornado", "j", "macros_2")...
tornado   : Real Time =   0.01 seconds Cpu Time =   0.01 seconds
Length of produced JSON: 221169
Length of reference JSON: 221169
JSON test passed for tornado
<end of output>
Test time =   3.57 sec
----------------------------------------------------------
Test Passed.
"tornado_ALL_step1" end time: Jun 04 15:22 CEST
"tornado_ALL_step1" time elapsed: 00:00:03
----------------------------------------------------------

80/99 Testing: tmathtext2_ALL_step2
80/99 Test: tmathtext2_ALL_step2
Command: "/home/adrianduesselberg/build/bin/root" "-l" "-b" "-q" "--web=off" "Test_Root.cpp("tmathtext2", "o", "macros_2")"
Directory: /home/adrianduesselberg/root-graphic-tests
"tmathtext2_ALL_step2" start time: Jun 04 15:22 CEST
Output:
----------------------------------------------------------

Processing Test_Root.cpp("tmathtext2", "o", "macros_2")...
Info in <TCanvas::Print>: SVG file ./old_svg_pro/tmathtext2_pro.svg has been created
SVG test passed for tmathtext2
<end of output>
Test time =   3.26 sec
----------------------------------------------------------
Test Passed.
"tmathtext2_ALL_step2" end time: Jun 04 15:22 CEST
"tmathtext2_ALL_step2" time elapsed: 00:00:03
----------------------------------------------------------

47/99 Testing: greyscale_ALL_step2
47/99 Test: greyscale_ALL_step2
Command: "/home/adrianduesselberg/build/bin/root" "-l" "-b" "-q" "--web=off" "Test_Root.cpp("greyscale", "o", "macros_2")"
Directory: /home/adrianduesselberg/root-graphic-tests
"greyscale_ALL_step2" start time: Jun 04 15:22 CEST
Output:
----------------------------------------------------------

Processing Test_Root.cpp("greyscale", "o", "macros_2")...
Info in <TCanvas::Print>: SVG file ./old_svg_pro/greyscale_pro.svg has been created
SVG test passed for greyscale
<end of output>
Test time =   3.93 sec
----------------------------------------------------------
Test Passed.
"greyscale_ALL_step2" end time: Jun 04 15:22 CEST
"greyscale_ALL_step2" time elapsed: 00:00:03
----------------------------------------------------------

64/99 Testing: markerwarning_ALL_step1
64/99 Test: markerwarning_ALL_step1
Command: "/home/adrianduesselberg/build/bin/root" "-l" "-b" "-q" "Test_Root.cpp("markerwarning", "j", "macros_2")"
Directory: /home/adrianduesselberg/root-graphic-tests
"markerwarning_ALL_step1" start time: Jun 04 15:22 CEST
Output:
----------------------------------------------------------

Processing Test_Root.cpp("markerwarning", "j", "macros_2")...
Length of produced JSON: 31466
Length of reference JSON: 31466
JSON test passed for markerwarning
<end of output>
Test time =   2.37 sec
----------------------------------------------------------
Test Passed.
"markerwarning_ALL_step1" end time: Jun 04 15:22 CEST
"markerwarning_ALL_step1" time elapsed: 00:00:02
----------------------------------------------------------

79/99 Testing: tmathtext2_ALL_step1
79/99 Test: tmathtext2_ALL_step1
Command: "/home/adrianduesselberg/build/bin/root" "-l" "-b" "-q" "Test_Root.cpp("tmathtext2", "j", "macros_2")"
Directory: /home/adrianduesselberg/root-graphic-tests
"tmathtext2_ALL_step1" start time: Jun 04 15:22 CEST
Output:
----------------------------------------------------------

Processing Test_Root.cpp("tmathtext2", "j", "macros_2")...
Length of produced JSON: 492280
Length of reference JSON: 492280
JSON test passed for tmathtext2
<end of output>
Test time =   3.28 sec
----------------------------------------------------------
Test Passed.
"tmathtext2_ALL_step1" end time: Jun 04 15:22 CEST
"tmathtext2_ALL_step1" time elapsed: 00:00:03
----------------------------------------------------------

74/99 Testing: quarks_ALL_step2
74/99 Test: quarks_ALL_step2
Command: "/home/adrianduesselberg/build/bin/root" "-l" "-b" "-q" "--web=off" "Test_Root.cpp("quarks", "o", "macros_2")"
Directory: /home/adrianduesselberg/root-graphic-tests
"quarks_ALL_step2" start time: Jun 04 15:22 CEST
Output:
----------------------------------------------------------

Processing Test_Root.cpp("quarks", "o", "macros_2")...
Info in <TCanvas::Print>: SVG file ./old_svg_pro/quarks_pro.svg has been created
SVG test passed for quarks
<end of output>
Test time =   3.16 sec
----------------------------------------------------------
Test Passed.
"quarks_ALL_step2" end time: Jun 04 15:22 CEST
"quarks_ALL_step2" time elapsed: 00:00:03
----------------------------------------------------------

68/99 Testing: mass_spectrum_ALL_step2
68/99 Test: mass_spectrum_ALL_step2
Command: "/home/adrianduesselberg/build/bin/root" "-l" "-b" "-q" "--web=off" "Test_Root.cpp("mass_spectrum", "o", "macros_2")"
Directory: /home/adrianduesselberg/root-graphic-tests
"mass_spectrum_ALL_step2" start time: Jun 04 15:22 CEST
Output:
----------------------------------------------------------

Processing Test_Root.cpp("mass_spectrum", "o", "macros_2")...
Info in <TCanvas::Print>: SVG file ./old_svg_pro/mass_spectrum_pro.svg has been created
SVG test passed for mass_spectrum
<end of output>
Test time =   3.12 sec
----------------------------------------------------------
Test Passed.
"mass_spectrum_ALL_step2" end time: Jun 04 15:22 CEST
"mass_spectrum_ALL_step2" time elapsed: 00:00:03
----------------------------------------------------------

90/99 Testing: transparency_ALL_step3
90/99 Test: transparency_ALL_step3
Command: "/usr/bin/node" "Test_JsRoot.js" "transparency"
Directory: /home/adrianduesselberg/root-graphic-tests
"transparency_ALL_step3" start time: Jun 04 15:22 CEST
Output:
----------------------------------------------------------
Set jsroot source_dir to file:///home/adrianduesselberg/build/js/, dev 18/03/2024
JSROOT version dev 18/03/2024
MATCH: transparency - Lengths [Pro: 1520, Ref: 1520]
<end of output>
Test time =   0.73 sec
----------------------------------------------------------
Test Passed.
"transparency_ALL_step3" end time: Jun 04 15:22 CEST
"transparency_ALL_step3" time elapsed: 00:00:00
----------------------------------------------------------

71/99 Testing: pavetext_ALL_step2
71/99 Test: pavetext_ALL_step2
Command: "/home/adrianduesselberg/build/bin/root" "-l" "-b" "-q" "--web=off" "Test_Root.cpp("pavetext", "o", "macros_2")"
Directory: /home/adrianduesselberg/root-graphic-tests
"pavetext_ALL_step2" start time: Jun 04 15:22 CEST
Output:
----------------------------------------------------------

Processing Test_Root.cpp("pavetext", "o", "macros_2")...
Info in <TCanvas::Print>: SVG file ./old_svg_pro/pavetext_pro.svg has been created
SVG test passed for pavetext
<end of output>
Test time =   3.20 sec
----------------------------------------------------------
Test Passed.
"pavetext_ALL_step2" end time: Jun 04 15:22 CEST
"pavetext_ALL_step2" time elapsed: 00:00:03
----------------------------------------------------------

73/99 Testing: quarks_ALL_step1
73/99 Test: quarks_ALL_step1
Command: "/home/adrianduesselberg/build/bin/root" "-l" "-b" "-q" "Test_Root.cpp("quarks", "j", "macros_2")"
Directory: /home/adrianduesselberg/root-graphic-tests
"quarks_ALL_step1" start time: Jun 04 15:22 CEST
Output:
----------------------------------------------------------

Processing Test_Root.cpp("quarks", "j", "macros_2")...
Length of produced JSON: 65604
Length of reference JSON: 65604
JSON test passed for quarks
<end of output>
Test time =   2.44 sec
----------------------------------------------------------
Test Passed.
"quarks_ALL_step1" end time: Jun 04 15:22 CEST
"quarks_ALL_step1" time elapsed: 00:00:02
----------------------------------------------------------

50/99 Testing: latex_ALL_step2
50/99 Test: latex_ALL_step2
Command: "/home/adrianduesselberg/build/bin/root" "-l" "-b" "-q" "--web=off" "Test_Root.cpp("latex", "o", "macros_2")"
Directory: /home/adrianduesselberg/root-graphic-tests
"latex_ALL_step2" start time: Jun 04 15:22 CEST
Output:
----------------------------------------------------------

Processing Test_Root.cpp("latex", "o", "macros_2")...
Info in <TCanvas::Print>: ps file latex.ps has been created
Info in <TCanvas::Print>: SVG file ./old_svg_pro/latex_pro.svg has been created
SVG test passed for latex
<end of output>
Test time =   2.93 sec
----------------------------------------------------------
Test Passed.
"latex_ALL_step2" end time: Jun 04 15:22 CEST
"latex_ALL_step2" time elapsed: 00:00:02
----------------------------------------------------------

77/99 Testing: tmathtext_ALL_step2
77/99 Test: tmathtext_ALL_step2
Command: "/home/adrianduesselberg/build/bin/root" "-l" "-b" "-q" "--web=off" "Test_Root.cpp("tmathtext", "o", "macros_2")"
Directory: /home/adrianduesselberg/root-graphic-tests
"tmathtext_ALL_step2" start time: Jun 04 15:22 CEST
Output:
----------------------------------------------------------

Processing Test_Root.cpp("tmathtext", "o", "macros_2")...
Info in <TCanvas::Print>: SVG file ./old_svg_pro/tmathtext_pro.svg has been created
SVG test passed for tmathtext
<end of output>
Test time =   3.32 sec
----------------------------------------------------------
Test Passed.
"tmathtext_ALL_step2" end time: Jun 04 15:22 CEST
"tmathtext_ALL_step2" time elapsed: 00:00:03
----------------------------------------------------------

76/99 Testing: tmathtext_ALL_step1
76/99 Test: tmathtext_ALL_step1
Command: "/home/adrianduesselberg/build/bin/root" "-l" "-b" "-q" "Test_Root.cpp("tmathtext", "j", "macros_2")"
Directory: /home/adrianduesselberg/root-graphic-tests
"tmathtext_ALL_step1" start time: Jun 04 15:22 CEST
Output:
----------------------------------------------------------

Processing Test_Root.cpp("tmathtext", "j", "macros_2")...
Length of produced JSON: 21257
Length of reference JSON: 21257
JSON test passed for tmathtext
<end of output>
Test time =   2.54 sec
----------------------------------------------------------
Test Passed.
"tmathtext_ALL_step1" end time: Jun 04 15:22 CEST
"tmathtext_ALL_step1" time elapsed: 00:00:02
----------------------------------------------------------

67/99 Testing: mass_spectrum_ALL_step1
67/99 Test: mass_spectrum_ALL_step1
Command: "/home/adrianduesselberg/build/bin/root" "-l" "-b" "-q" "Test_Root.cpp("mass_spectrum", "j", "macros_2")"
Directory: /home/adrianduesselberg/root-graphic-tests
"mass_spectrum_ALL_step1" start time: Jun 04 15:22 CEST
Output:
----------------------------------------------------------

Processing Test_Root.cpp("mass_spectrum", "j", "macros_2")...
Length of produced JSON: 43437
Length of reference JSON: 43437
JSON test passed for mass_spectrum
<end of output>
Test time =   2.87 sec
----------------------------------------------------------
Test Passed.
"mass_spectrum_ALL_step1" end time: Jun 04 15:22 CEST
"mass_spectrum_ALL_step1" time elapsed: 00:00:02
----------------------------------------------------------

62/99 Testing: latex5_ALL_step2
62/99 Test: latex5_ALL_step2
Command: "/home/adrianduesselberg/build/bin/root" "-l" "-b" "-q" "--web=off" "Test_Root.cpp("latex5", "o", "macros_2")"
Directory: /home/adrianduesselberg/root-graphic-tests
"latex5_ALL_step2" start time: Jun 04 15:22 CEST
Output:
----------------------------------------------------------

Processing Test_Root.cpp("latex5", "o", "macros_2")...
Info in <TCanvas::Print>: SVG file ./old_svg_pro/latex5_pro.svg has been created
SVG test passed for latex5
<end of output>
Test time =   2.40 sec
----------------------------------------------------------
Test Passed.
"latex5_ALL_step2" end time: Jun 04 15:22 CEST
"latex5_ALL_step2" time elapsed: 00:00:02
----------------------------------------------------------

52/99 Testing: latex2_ALL_step1
52/99 Test: latex2_ALL_step1
Command: "/home/adrianduesselberg/build/bin/root" "-l" "-b" "-q" "Test_Root.cpp("latex2", "j", "macros_2")"
Directory: /home/adrianduesselberg/root-graphic-tests
"latex2_ALL_step1" start time: Jun 04 15:22 CEST
Output:
----------------------------------------------------------

Processing Test_Root.cpp("latex2", "j", "macros_2")...
Info in <TCanvas::Print>: ps file latex2.ps has been created
Length of produced JSON: 19146
Length of reference JSON: 19146
JSON test passed for latex2
<end of output>
Test time =   3.57 sec
----------------------------------------------------------
Test Passed.
"latex2_ALL_step1" end time: Jun 04 15:22 CEST
"latex2_ALL_step1" time elapsed: 00:00:03
----------------------------------------------------------

70/99 Testing: pavetext_ALL_step1
70/99 Test: pavetext_ALL_step1
Command: "/home/adrianduesselberg/build/bin/root" "-l" "-b" "-q" "Test_Root.cpp("pavetext", "j", "macros_2")"
Directory: /home/adrianduesselberg/root-graphic-tests
"pavetext_ALL_step1" start time: Jun 04 15:22 CEST
Output:
----------------------------------------------------------

Processing Test_Root.cpp("pavetext", "j", "macros_2")...
Length of produced JSON: 19349
Length of reference JSON: 19349
JSON test passed for pavetext
<end of output>
Test time =   3.52 sec
----------------------------------------------------------
Test Passed.
"pavetext_ALL_step1" end time: Jun 04 15:22 CEST
"pavetext_ALL_step1" time elapsed: 00:00:03
----------------------------------------------------------

65/99 Testing: markerwarning_ALL_step2
65/99 Test: markerwarning_ALL_step2
Command: "/home/adrianduesselberg/build/bin/root" "-l" "-b" "-q" "--web=off" "Test_Root.cpp("markerwarning", "o", "macros_2")"
Directory: /home/adrianduesselberg/root-graphic-tests
"markerwarning_ALL_step2" start time: Jun 04 15:22 CEST
Output:
----------------------------------------------------------

Processing Test_Root.cpp("markerwarning", "o", "macros_2")...
Info in <TCanvas::Print>: SVG file ./old_svg_pro/markerwarning_pro.svg has been created
SVG test passed for markerwarning
<end of output>
Test time =   3.15 sec
----------------------------------------------------------
Test Passed.
"markerwarning_ALL_step2" end time: Jun 04 15:22 CEST
"markerwarning_ALL_step2" time elapsed: 00:00:03
----------------------------------------------------------

53/99 Testing: latex2_ALL_step2
53/99 Test: latex2_ALL_step2
Command: "/home/adrianduesselberg/build/bin/root" "-l" "-b" "-q" "--web=off" "Test_Root.cpp("latex2", "o", "macros_2")"
Directory: /home/adrianduesselberg/root-graphic-tests
"latex2_ALL_step2" start time: Jun 04 15:22 CEST
Output:
----------------------------------------------------------

Processing Test_Root.cpp("latex2", "o", "macros_2")...
Info in <TCanvas::Print>: ps file latex2.ps has been created
Info in <TCanvas::Print>: SVG file ./old_svg_pro/latex2_pro.svg has been created
SVG test passed for latex2
<end of output>
Test time =   3.42 sec
----------------------------------------------------------
Test Passed.
"latex2_ALL_step2" end time: Jun 04 15:22 CEST
"latex2_ALL_step2" time elapsed: 00:00:03
----------------------------------------------------------

35/99 Testing: formula1_ALL_step2
35/99 Test: formula1_ALL_step2
Command: "/home/adrianduesselberg/build/bin/root" "-l" "-b" "-q" "--web=off" "Test_Root.cpp("formula1", "o", "macros_2")"
Directory: /home/adrianduesselberg/root-graphic-tests
"formula1_ALL_step2" start time: Jun 04 15:22 CEST
Output:
----------------------------------------------------------

Processing Test_Root.cpp("formula1", "o", "macros_2")...

Object statistics
class                         cnt    on heap     size    total size    heap size
================================================================================
TList                         131        130      104         13624        13520
TObjectTable                    1          1       32            32           32
TROOT                           1          0      728           728            0
TPluginManager                  1          1       40            40           40
THashTable                      2          2       72           144          144
TClassTable                     1          1       16            16           16
THashList                       1          1      112           112          112
TEnv                            1          1       56            56           56
TEnvRec                       143        143       96         13728        13728
TNamed                          1          1       64            64           64
TUnixSystem                     1          1      672           672          672
TOrdCollection                  4          4       72           288          288
--------------------------------------------------------------------------------
Total:                        288        286     2064         29504        28672
================================================================================

Info in <TCanvas::Print>: SVG file ./old_svg_pro/formula1_pro.svg has been created
SVG test passed for formula1
<end of output>
Test time =   2.46 sec
----------------------------------------------------------
Test Passed.
"formula1_ALL_step2" end time: Jun 04 15:22 CEST
"formula1_ALL_step2" time elapsed: 00:00:02
----------------------------------------------------------

58/99 Testing: latex4_ALL_step1
58/99 Test: latex4_ALL_step1
Command: "/home/adrianduesselberg/build/bin/root" "-l" "-b" "-q" "Test_Root.cpp("latex4", "j", "macros_2")"
Directory: /home/adrianduesselberg/root-graphic-tests
"latex4_ALL_step1" start time: Jun 04 15:22 CEST
Output:
----------------------------------------------------------

Processing Test_Root.cpp("latex4", "j", "macros_2")...
Length of produced JSON: 68453
Length of reference JSON: 68453
JSON test passed for latex4
<end of output>
Test time =   2.41 sec
----------------------------------------------------------
Test Passed.
"latex4_ALL_step1" end time: Jun 04 15:22 CEST
"latex4_ALL_step1" time elapsed: 00:00:02
----------------------------------------------------------

56/99 Testing: latex3_ALL_step2
56/99 Test: latex3_ALL_step2
Command: "/home/adrianduesselberg/build/bin/root" "-l" "-b" "-q" "--web=off" "Test_Root.cpp("latex3", "o", "macros_2")"
Directory: /home/adrianduesselberg/root-graphic-tests
"latex3_ALL_step2" start time: Jun 04 15:22 CEST
Output:
----------------------------------------------------------

Processing Test_Root.cpp("latex3", "o", "macros_2")...
Info in <TCanvas::Print>: SVG file ./old_svg_pro/latex3_pro.svg has been created
SVG test passed for latex3
<end of output>
Test time =   3.45 sec
----------------------------------------------------------
Test Passed.
"latex3_ALL_step2" end time: Jun 04 15:22 CEST
"latex3_ALL_step2" time elapsed: 00:00:03
----------------------------------------------------------

61/99 Testing: latex5_ALL_step1
61/99 Test: latex5_ALL_step1
Command: "/home/adrianduesselberg/build/bin/root" "-l" "-b" "-q" "Test_Root.cpp("latex5", "j", "macros_2")"
Directory: /home/adrianduesselberg/root-graphic-tests
"latex5_ALL_step1" start time: Jun 04 15:22 CEST
Output:
----------------------------------------------------------

Processing Test_Root.cpp("latex5", "j", "macros_2")...
Length of produced JSON: 84906
Length of reference JSON: 84906
JSON test passed for latex5
<end of output>
Test time =   2.54 sec
----------------------------------------------------------
Test Passed.
"latex5_ALL_step1" end time: Jun 04 15:22 CEST
"latex5_ALL_step1" time elapsed: 00:00:02
----------------------------------------------------------

41/99 Testing: gaxis_ALL_step2
41/99 Test: gaxis_ALL_step2
Command: "/home/adrianduesselberg/build/bin/root" "-l" "-b" "-q" "--web=off" "Test_Root.cpp("gaxis", "o", "macros_2")"
Directory: /home/adrianduesselberg/root-graphic-tests
"gaxis_ALL_step2" start time: Jun 04 15:22 CEST
Output:
----------------------------------------------------------

Processing Test_Root.cpp("gaxis", "o", "macros_2")...
Info in <TCanvas::Print>: SVG file ./old_svg_pro/gaxis_pro.svg has been created
SVG test passed for gaxis
<end of output>
Test time =   2.77 sec
----------------------------------------------------------
Test Passed.
"gaxis_ALL_step2" end time: Jun 04 15:22 CEST
"gaxis_ALL_step2" time elapsed: 00:00:02
----------------------------------------------------------

59/99 Testing: latex4_ALL_step2
59/99 Test: latex4_ALL_step2
Command: "/home/adrianduesselberg/build/bin/root" "-l" "-b" "-q" "--web=off" "Test_Root.cpp("latex4", "o", "macros_2")"
Directory: /home/adrianduesselberg/root-graphic-tests
"latex4_ALL_step2" start time: Jun 04 15:22 CEST
Output:
----------------------------------------------------------

Processing Test_Root.cpp("latex4", "o", "macros_2")...
Info in <TCanvas::Print>: SVG file ./old_svg_pro/latex4_pro.svg has been created
SVG test passed for latex4
<end of output>
Test time =   3.26 sec
----------------------------------------------------------
Test Passed.
"latex4_ALL_step2" end time: Jun 04 15:22 CEST
"latex4_ALL_step2" time elapsed: 00:00:03
----------------------------------------------------------

84/99 Testing: triangles_ALL_step3
84/99 Test: triangles_ALL_step3
Command: "/usr/bin/node" "Test_JsRoot.js" "triangles"
Directory: /home/adrianduesselberg/root-graphic-tests
"triangles_ALL_step3" start time: Jun 04 15:22 CEST
Output:
----------------------------------------------------------
Set jsroot source_dir to file:///home/adrianduesselberg/build/js/, dev 18/03/2024
JSROOT version dev 18/03/2024
MATCH: triangles - Lengths [Pro: 4163, Ref: 4163]
<end of output>
Test time =   0.72 sec
----------------------------------------------------------
Test Passed.
"triangles_ALL_step3" end time: Jun 04 15:22 CEST
"triangles_ALL_step3" time elapsed: 00:00:00
----------------------------------------------------------

37/99 Testing: framework_ALL_step1
37/99 Test: framework_ALL_step1
Command: "/home/adrianduesselberg/build/bin/root" "-l" "-b" "-q" "Test_Root.cpp("framework", "j", "macros_2")"
Directory: /home/adrianduesselberg/root-graphic-tests
"framework_ALL_step1" start time: Jun 04 15:22 CEST
Output:
----------------------------------------------------------

Processing Test_Root.cpp("framework", "j", "macros_2")...
Length of produced JSON: 25400
Length of reference JSON: 25400
JSON test passed for framework
<end of output>
Test time =   2.95 sec
----------------------------------------------------------
Test Passed.
"framework_ALL_step1" end time: Jun 04 15:22 CEST
"framework_ALL_step1" time elapsed: 00:00:02
----------------------------------------------------------

49/99 Testing: latex_ALL_step1
49/99 Test: latex_ALL_step1
Command: "/home/adrianduesselberg/build/bin/root" "-l" "-b" "-q" "Test_Root.cpp("latex", "j", "macros_2")"
Directory: /home/adrianduesselberg/root-graphic-tests
"latex_ALL_step1" start time: Jun 04 15:22 CEST
Output:
----------------------------------------------------------

Processing Test_Root.cpp("latex", "j", "macros_2")...
Info in <TCanvas::Print>: ps file latex.ps has been created
Length of produced JSON: 19622
Length of reference JSON: 19622
JSON test passed for latex
<end of output>
Test time =   2.48 sec
----------------------------------------------------------
Test Passed.
"latex_ALL_step1" end time: Jun 04 15:22 CEST
"latex_ALL_step1" time elapsed: 00:00:02
----------------------------------------------------------

34/99 Testing: formula1_ALL_step1
34/99 Test: formula1_ALL_step1
Command: "/home/adrianduesselberg/build/bin/root" "-l" "-b" "-q" "Test_Root.cpp("formula1", "j", "macros_2")"
Directory: /home/adrianduesselberg/root-graphic-tests
"formula1_ALL_step1" start time: Jun 04 15:22 CEST
Output:
----------------------------------------------------------

Processing Test_Root.cpp("formula1", "j", "macros_2")...

Object statistics
class                         cnt    on heap     size    total size    heap size
================================================================================
TList                         131        130      104         13624        13520
TObjectTable                    1          1       32            32           32
TROOT                           1          0      728           728            0
TPluginManager                  1          1       40            40           40
THashTable                      2          2       72           144          144
TClassTable                     1          1       16            16           16
THashList                       1          1      112           112          112
TEnv                            1          1       56            56           56
TEnvRec                       143        143       96         13728        13728
TNamed                          1          1       64            64           64
TUnixSystem                     1          1      672           672          672
TOrdCollection                  4          4       72           288          288
--------------------------------------------------------------------------------
Total:                        288        286     2064         29504        28672
================================================================================

Length of produced JSON: 26033
Length of reference JSON: 26033
JSON test passed for formula1
<end of output>
Test time =   3.74 sec
----------------------------------------------------------
Test Passed.
"formula1_ALL_step1" end time: Jun 04 15:22 CEST
"formula1_ALL_step1" time elapsed: 00:00:03
----------------------------------------------------------

29/99 Testing: feynman_ALL_step2
29/99 Test: feynman_ALL_step2
Command: "/home/adrianduesselberg/build/bin/root" "-l" "-b" "-q" "--web=off" "Test_Root.cpp("feynman", "o", "macros_1")"
Directory: /home/adrianduesselberg/root-graphic-tests
"feynman_ALL_step2" start time: Jun 04 15:22 CEST
Output:
----------------------------------------------------------

Processing Test_Root.cpp("feynman", "o", "macros_1")...
Info in <TCanvas::Print>: SVG file ./old_svg_pro/feynman_pro.svg has been created
SVG test passed for feynman
<end of output>
Test time =   3.54 sec
----------------------------------------------------------
Test Passed.
"feynman_ALL_step2" end time: Jun 04 15:22 CEST
"feynman_ALL_step2" time elapsed: 00:00:03
----------------------------------------------------------

44/99 Testing: gaxis3_ALL_step2
44/99 Test: gaxis3_ALL_step2
Command: "/home/adrianduesselberg/build/bin/root" "-l" "-b" "-q" "--web=off" "Test_Root.cpp("gaxis3", "o", "macros_2")"
Directory: /home/adrianduesselberg/root-graphic-tests
"gaxis3_ALL_step2" start time: Jun 04 15:22 CEST
Output:
----------------------------------------------------------

Processing Test_Root.cpp("gaxis3", "o", "macros_2")...
Info in <TCanvas::Print>: SVG file ./old_svg_pro/gaxis3_pro.svg has been created
SVG test passed for gaxis3
<end of output>
Test time =   2.54 sec
----------------------------------------------------------
Test Passed.
"gaxis3_ALL_step2" end time: Jun 04 15:22 CEST
"gaxis3_ALL_step2" time elapsed: 00:00:02
----------------------------------------------------------

46/99 Testing: greyscale_ALL_step1
46/99 Test: greyscale_ALL_step1
Command: "/home/adrianduesselberg/build/bin/root" "-l" "-b" "-q" "Test_Root.cpp("greyscale", "j", "macros_2")"
Directory: /home/adrianduesselberg/root-graphic-tests
"greyscale_ALL_step1" start time: Jun 04 15:22 CEST
Output:
----------------------------------------------------------

Processing Test_Root.cpp("greyscale", "j", "macros_2")...
Length of produced JSON: 1142868
Length of reference JSON: 1142868
JSON test passed for greyscale
<end of output>
Test time =   3.85 sec
----------------------------------------------------------
Test Passed.
"greyscale_ALL_step1" end time: Jun 04 15:22 CEST
"greyscale_ALL_step1" time elapsed: 00:00:03
----------------------------------------------------------

5/99 Testing: archi_ALL_step2
5/99 Test: archi_ALL_step2
Command: "/home/adrianduesselberg/build/bin/root" "-l" "-b" "-q" "--web=off" "Test_Root.cpp("archi", "o", "macros_1")"
Directory: /home/adrianduesselberg/root-graphic-tests
"archi_ALL_step2" start time: Jun 04 15:22 CEST
Output:
----------------------------------------------------------

Processing Test_Root.cpp("archi", "o", "macros_1")...
Info in <TCanvas::Print>: SVG file ./old_svg_pro/archi_pro.svg has been created
SVG test passed for archi
<end of output>
Test time =   2.61 sec
----------------------------------------------------------
Test Passed.
"archi_ALL_step2" end time: Jun 04 15:22 CEST
"archi_ALL_step2" time elapsed: 00:00:02
----------------------------------------------------------

28/99 Testing: feynman_ALL_step1
28/99 Test: feynman_ALL_step1
Command: "/home/adrianduesselberg/build/bin/root" "-l" "-b" "-q" "Test_Root.cpp("feynman", "j", "macros_1")"
Directory: /home/adrianduesselberg/root-graphic-tests
"feynman_ALL_step1" start time: Jun 04 15:22 CEST
Output:
----------------------------------------------------------

Processing Test_Root.cpp("feynman", "j", "macros_1")...
Length of produced JSON: 85370
Length of reference JSON: 85370
JSON test passed for feynman
<end of output>
Test time =   2.49 sec
----------------------------------------------------------
Test Passed.
"feynman_ALL_step1" end time: Jun 04 15:22 CEST
"feynman_ALL_step1" time elapsed: 00:00:02
----------------------------------------------------------

81/99 Testing: tmathtext2_ALL_step3
81/99 Test: tmathtext2_ALL_step3
Command: "/usr/bin/node" "Test_JsRoot.js" "tmathtext2"
Directory: /home/adrianduesselberg/root-graphic-tests
"tmathtext2_ALL_step3" start time: Jun 04 15:21 CEST
Output:
----------------------------------------------------------
Set jsroot source_dir to file:///home/adrianduesselberg/build/js/, dev 18/03/2024
JSROOT version dev 18/03/2024
MATCH: tmathtext2 - Lengths [Pro: 746021, Ref: 746021]
<end of output>
Test time =  19.86 sec
----------------------------------------------------------
Test Passed.
"tmathtext2_ALL_step3" end time: Jun 04 15:22 CEST
"tmathtext2_ALL_step3" time elapsed: 00:00:19
----------------------------------------------------------

55/99 Testing: latex3_ALL_step1
55/99 Test: latex3_ALL_step1
Command: "/home/adrianduesselberg/build/bin/root" "-l" "-b" "-q" "Test_Root.cpp("latex3", "j", "macros_2")"
Directory: /home/adrianduesselberg/root-graphic-tests
"latex3_ALL_step1" start time: Jun 04 15:22 CEST
Output:
----------------------------------------------------------

Processing Test_Root.cpp("latex3", "j", "macros_2")...
Length of produced JSON: 19237
Length of reference JSON: 19237
JSON test passed for latex3
<end of output>
Test time =   3.51 sec
----------------------------------------------------------
Test Passed.
"latex3_ALL_step1" end time: Jun 04 15:22 CEST
"latex3_ALL_step1" time elapsed: 00:00:03
----------------------------------------------------------

13/99 Testing: crown_ALL_step1
13/99 Test: crown_ALL_step1
Command: "/home/adrianduesselberg/build/bin/root" "-l" "-b" "-q" "Test_Root.cpp("crown", "j", "macros_1")"
Directory: /home/adrianduesselberg/root-graphic-tests
"crown_ALL_step1" start time: Jun 04 15:22 CEST
Output:
----------------------------------------------------------

Processing Test_Root.cpp("crown", "j", "macros_1")...
Length of produced JSON: 18566
Length of reference JSON: 18566
JSON test passed for crown
<end of output>
Test time =   3.08 sec
----------------------------------------------------------
Test Passed.
"crown_ALL_step1" end time: Jun 04 15:22 CEST
"crown_ALL_step1" time elapsed: 00:00:03
----------------------------------------------------------

31/99 Testing: first_ALL_step1
31/99 Test: first_ALL_step1
Command: "/home/adrianduesselberg/build/bin/root" "-l" "-b" "-q" "Test_Root.cpp("first", "j", "macros_1")"
Directory: /home/adrianduesselberg/root-graphic-tests
"first_ALL_step1" start time: Jun 04 15:22 CEST
Output:
----------------------------------------------------------

Processing Test_Root.cpp("first", "j", "macros_1")...
Length of produced JSON: 32025
Length of reference JSON: 32025
JSON test passed for first
<end of output>
Test time =   2.52 sec
----------------------------------------------------------
Test Passed.
"first_ALL_step1" end time: Jun 04 15:22 CEST
"first_ALL_step1" time elapsed: 00:00:02
----------------------------------------------------------

2/99 Testing: analyze_ALL_step2
2/99 Test: analyze_ALL_step2
Command: "/home/adrianduesselberg/build/bin/root" "-l" "-b" "-q" "--web=off" "Test_Root.cpp("analyze", "o", "macros_1")"
Directory: /home/adrianduesselberg/root-graphic-tests
"analyze_ALL_step2" start time: Jun 04 15:22 CEST
Output:
----------------------------------------------------------

Processing Test_Root.cpp("analyze", "o", "macros_1")...
Info in <TCanvas::Print>: SVG file ./old_svg_pro/analyze_pro.svg has been created
SVG test passed for analyze
<end of output>
Test time =   3.17 sec
----------------------------------------------------------
Test Passed.
"analyze_ALL_step2" end time: Jun 04 15:22 CEST
"analyze_ALL_step2" time elapsed: 00:00:03
----------------------------------------------------------

22/99 Testing: eval_ALL_step1
22/99 Test: eval_ALL_step1
Command: "/home/adrianduesselberg/build/bin/root" "-l" "-b" "-q" "Test_Root.cpp("eval", "j", "macros_1")"
Directory: /home/adrianduesselberg/root-graphic-tests
"eval_ALL_step1" start time: Jun 04 15:22 CEST
Output:
----------------------------------------------------------

Processing Test_Root.cpp("eval", "j", "macros_1")...
Length of produced JSON: 23779
Length of reference JSON: 23779
JSON test passed for eval
<end of output>
Test time =   3.54 sec
----------------------------------------------------------
Test Passed.
"eval_ALL_step1" end time: Jun 04 15:22 CEST
"eval_ALL_step1" time elapsed: 00:00:03
----------------------------------------------------------

38/99 Testing: framework_ALL_step2
38/99 Test: framework_ALL_step2
Command: "/home/adrianduesselberg/build/bin/root" "-l" "-b" "-q" "--web=off" "Test_Root.cpp("framework", "o", "macros_2")"
Directory: /home/adrianduesselberg/root-graphic-tests
"framework_ALL_step2" start time: Jun 04 15:22 CEST
Output:
----------------------------------------------------------

Processing Test_Root.cpp("framework", "o", "macros_2")...
Info in <TCanvas::Print>: SVG file ./old_svg_pro/framework_pro.svg has been created
SVG test passed for framework
<end of output>
Test time =   3.59 sec
----------------------------------------------------------
Test Passed.
"framework_ALL_step2" end time: Jun 04 15:22 CEST
"framework_ALL_step2" time elapsed: 00:00:03
----------------------------------------------------------

19/99 Testing: ellipse_ALL_step1
19/99 Test: ellipse_ALL_step1
Command: "/home/adrianduesselberg/build/bin/root" "-l" "-b" "-q" "Test_Root.cpp("ellipse", "j", "macros_1")"
Directory: /home/adrianduesselberg/root-graphic-tests
"ellipse_ALL_step1" start time: Jun 04 15:22 CEST
Output:
----------------------------------------------------------

Processing Test_Root.cpp("ellipse", "j", "macros_1")...
Length of produced JSON: 19215
Length of reference JSON: 19215
JSON test passed for ellipse
<end of output>
Test time =   2.40 sec
----------------------------------------------------------
Test Passed.
"ellipse_ALL_step1" end time: Jun 04 15:22 CEST
"ellipse_ALL_step1" time elapsed: 00:00:02
----------------------------------------------------------

10/99 Testing: compile_ALL_step1
10/99 Test: compile_ALL_step1
Command: "/home/adrianduesselberg/build/bin/root" "-l" "-b" "-q" "Test_Root.cpp("compile", "j", "macros_1")"
Directory: /home/adrianduesselberg/root-graphic-tests
"compile_ALL_step1" start time: Jun 04 15:22 CEST
Output:
----------------------------------------------------------

Processing Test_Root.cpp("compile", "j", "macros_1")...
Length of produced JSON: 20432
Length of reference JSON: 20432
JSON test passed for compile
<end of output>
Test time =   3.05 sec
----------------------------------------------------------
Test Passed.
"compile_ALL_step1" end time: Jun 04 15:22 CEST
"compile_ALL_step1" time elapsed: 00:00:03
----------------------------------------------------------

43/99 Testing: gaxis3_ALL_step1
43/99 Test: gaxis3_ALL_step1
Command: "/home/adrianduesselberg/build/bin/root" "-l" "-b" "-q" "Test_Root.cpp("gaxis3", "j", "macros_2")"
Directory: /home/adrianduesselberg/root-graphic-tests
"gaxis3_ALL_step1" start time: Jun 04 15:22 CEST
Output:
----------------------------------------------------------

Processing Test_Root.cpp("gaxis3", "j", "macros_2")...
Length of produced JSON: 19198
Length of reference JSON: 19198
JSON test passed for gaxis3
<end of output>
Test time =   2.65 sec
----------------------------------------------------------
Test Passed.
"gaxis3_ALL_step1" end time: Jun 04 15:22 CEST
"gaxis3_ALL_step1" time elapsed: 00:00:02
----------------------------------------------------------

32/99 Testing: first_ALL_step2
32/99 Test: first_ALL_step2
Command: "/home/adrianduesselberg/build/bin/root" "-l" "-b" "-q" "--web=off" "Test_Root.cpp("first", "o", "macros_1")"
Directory: /home/adrianduesselberg/root-graphic-tests
"first_ALL_step2" start time: Jun 04 15:22 CEST
Output:
----------------------------------------------------------

Processing Test_Root.cpp("first", "o", "macros_1")...
Info in <TCanvas::Print>: SVG file ./old_svg_pro/first_pro.svg has been created
SVG test passed for first
<end of output>
Test time =   3.14 sec
----------------------------------------------------------
Test Passed.
"first_ALL_step2" end time: Jun 04 15:22 CEST
"first_ALL_step2" time elapsed: 00:00:03
----------------------------------------------------------

17/99 Testing: basic3d_ALL_step2
17/99 Test: basic3d_ALL_step2
Command: "/home/adrianduesselberg/build/bin/root" "-l" "-b" "-q" "--web=off" "Test_Root.cpp("basic3d", "o", "macros_1")"
Directory: /home/adrianduesselberg/root-graphic-tests
"basic3d_ALL_step2" start time: Jun 04 15:22 CEST
Output:
----------------------------------------------------------

Processing Test_Root.cpp("basic3d", "o", "macros_1")...
Info in <TCanvas::Print>: SVG file ./old_svg_pro/basic3d_pro.svg has been created
SVG test passed for basic3d
<end of output>
Test time =   3.11 sec
----------------------------------------------------------
Test Passed.
"basic3d_ALL_step2" end time: Jun 04 15:22 CEST
"basic3d_ALL_step2" time elapsed: 00:00:03
----------------------------------------------------------

16/99 Testing: basic3d_ALL_step1
16/99 Test: basic3d_ALL_step1
Command: "/home/adrianduesselberg/build/bin/root" "-l" "-b" "-q" "Test_Root.cpp("basic3d", "j", "macros_1")"
Directory: /home/adrianduesselberg/root-graphic-tests
"basic3d_ALL_step1" start time: Jun 04 15:22 CEST
Output:
----------------------------------------------------------

Processing Test_Root.cpp("basic3d", "j", "macros_1")...
Length of produced JSON: 22096
Length of reference JSON: 22096
JSON test passed for basic3d
<end of output>
Test time =   2.66 sec
----------------------------------------------------------
Test Passed.
"basic3d_ALL_step1" end time: Jun 04 15:22 CEST
"basic3d_ALL_step1" time elapsed: 00:00:02
----------------------------------------------------------

23/99 Testing: eval_ALL_step2
23/99 Test: eval_ALL_step2
Command: "/home/adrianduesselberg/build/bin/root" "-l" "-b" "-q" "--web=off" "Test_Root.cpp("eval", "o", "macros_1")"
Directory: /home/adrianduesselberg/root-graphic-tests
"eval_ALL_step2" start time: Jun 04 15:22 CEST
Output:
----------------------------------------------------------

Processing Test_Root.cpp("eval", "o", "macros_1")...
Info in <TCanvas::Print>: SVG file ./old_svg_pro/eval_pro.svg has been created
SVG test passed for eval
<end of output>
Test time =   3.27 sec
----------------------------------------------------------
Test Passed.
"eval_ALL_step2" end time: Jun 04 15:22 CEST
"eval_ALL_step2" time elapsed: 00:00:03
----------------------------------------------------------

40/99 Testing: gaxis_ALL_step1
40/99 Test: gaxis_ALL_step1
Command: "/home/adrianduesselberg/build/bin/root" "-l" "-b" "-q" "Test_Root.cpp("gaxis", "j", "macros_2")"
Directory: /home/adrianduesselberg/root-graphic-tests
"gaxis_ALL_step1" start time: Jun 04 15:22 CEST
Output:
----------------------------------------------------------

Processing Test_Root.cpp("gaxis", "j", "macros_2")...
Length of produced JSON: 23551
Length of reference JSON: 23551
JSON test passed for gaxis
<end of output>
Test time =   2.71 sec
----------------------------------------------------------
Test Passed.
"gaxis_ALL_step1" end time: Jun 04 15:22 CEST
"gaxis_ALL_step1" time elapsed: 00:00:02
----------------------------------------------------------

26/99 Testing: event_ALL_step2
26/99 Test: event_ALL_step2
Command: "/home/adrianduesselberg/build/bin/root" "-l" "-b" "-q" "--web=off" "Test_Root.cpp("event", "o", "macros_1")"
Directory: /home/adrianduesselberg/root-graphic-tests
"event_ALL_step2" start time: Jun 04 15:22 CEST
Output:
----------------------------------------------------------

Processing Test_Root.cpp("event", "o", "macros_1")...
Info in <TCanvas::Print>: SVG file ./old_svg_pro/event_pro.svg has been created
SVG test passed for event
<end of output>
Test time =   2.65 sec
----------------------------------------------------------
Test Passed.
"event_ALL_step2" end time: Jun 04 15:22 CEST
"event_ALL_step2" time elapsed: 00:00:02
----------------------------------------------------------

14/99 Testing: crown_ALL_step2
14/99 Test: crown_ALL_step2
Command: "/home/adrianduesselberg/build/bin/root" "-l" "-b" "-q" "--web=off" "Test_Root.cpp("crown", "o", "macros_1")"
Directory: /home/adrianduesselberg/root-graphic-tests
"crown_ALL_step2" start time: Jun 04 15:22 CEST
Output:
----------------------------------------------------------

Processing Test_Root.cpp("crown", "o", "macros_1")...
Info in <TCanvas::Print>: SVG file ./old_svg_pro/crown_pro.svg has been created
SVG test passed for crown
<end of output>
Test time =   2.45 sec
----------------------------------------------------------
Test Passed.
"crown_ALL_step2" end time: Jun 04 15:22 CEST
"crown_ALL_step2" time elapsed: 00:00:02
----------------------------------------------------------

7/99 Testing: arrows_ALL_step1
7/99 Test: arrows_ALL_step1
Command: "/home/adrianduesselberg/build/bin/root" "-l" "-b" "-q" "Test_Root.cpp("arrows", "j", "macros_1")"
Directory: /home/adrianduesselberg/root-graphic-tests
"arrows_ALL_step1" start time: Jun 04 15:22 CEST
Output:
----------------------------------------------------------

Processing Test_Root.cpp("arrows", "j", "macros_1")...
Length of produced JSON: 19643
Length of reference JSON: 19643
JSON test passed for arrows
<end of output>
Test time =   3.50 sec
----------------------------------------------------------
Test Passed.
"arrows_ALL_step1" end time: Jun 04 15:22 CEST
"arrows_ALL_step1" time elapsed: 00:00:03
----------------------------------------------------------

25/99 Testing: event_ALL_step1
25/99 Test: event_ALL_step1
Command: "/home/adrianduesselberg/build/bin/root" "-l" "-b" "-q" "Test_Root.cpp("event", "j", "macros_1")"
Directory: /home/adrianduesselberg/root-graphic-tests
"event_ALL_step1" start time: Jun 04 15:22 CEST
Output:
----------------------------------------------------------

Processing Test_Root.cpp("event", "j", "macros_1")...
Length of produced JSON: 30315
Length of reference JSON: 30315
JSON test passed for event
<end of output>
Test time =   3.24 sec
----------------------------------------------------------
Test Passed.
"event_ALL_step1" end time: Jun 04 15:22 CEST
"event_ALL_step1" time elapsed: 00:00:03
----------------------------------------------------------

78/99 Testing: tmathtext_ALL_step3
78/99 Test: tmathtext_ALL_step3
Command: "/usr/bin/node" "Test_JsRoot.js" "tmathtext"
Directory: /home/adrianduesselberg/root-graphic-tests
"tmathtext_ALL_step3" start time: Jun 04 15:22 CEST
Output:
----------------------------------------------------------
Set jsroot source_dir to file:///home/adrianduesselberg/build/js/, dev 18/03/2024
JSROOT version dev 18/03/2024
MATCH: tmathtext - Lengths [Pro: 108957, Ref: 108957]
<end of output>
Test time =   1.35 sec
----------------------------------------------------------
Test Passed.
"tmathtext_ALL_step3" end time: Jun 04 15:22 CEST
"tmathtext_ALL_step3" time elapsed: 00:00:01
----------------------------------------------------------

20/99 Testing: ellipse_ALL_step2
20/99 Test: ellipse_ALL_step2
Command: "/home/adrianduesselberg/build/bin/root" "-l" "-b" "-q" "--web=off" "Test_Root.cpp("ellipse", "o", "macros_1")"
Directory: /home/adrianduesselberg/root-graphic-tests
"ellipse_ALL_step2" start time: Jun 04 15:22 CEST
Output:
----------------------------------------------------------

Processing Test_Root.cpp("ellipse", "o", "macros_1")...
Info in <TCanvas::Print>: SVG file ./old_svg_pro/ellipse_pro.svg has been created
SVG test passed for ellipse
<end of output>
Test time =   2.94 sec
----------------------------------------------------------
Test Passed.
"ellipse_ALL_step2" end time: Jun 04 15:22 CEST
"ellipse_ALL_step2" time elapsed: 00:00:02
----------------------------------------------------------

75/99 Testing: quarks_ALL_step3
75/99 Test: quarks_ALL_step3
Command: "/usr/bin/node" "Test_JsRoot.js" "quarks"
Directory: /home/adrianduesselberg/root-graphic-tests
"quarks_ALL_step3" start time: Jun 04 15:22 CEST
Output:
----------------------------------------------------------
Set jsroot source_dir to file:///home/adrianduesselberg/build/js/, dev 18/03/2024
JSROOT version dev 18/03/2024
MATCH: quarks - Lengths [Pro: 7503, Ref: 7503]
<end of output>
Test time =   1.11 sec
----------------------------------------------------------
Test Passed.
"quarks_ALL_step3" end time: Jun 04 15:22 CEST
"quarks_ALL_step3" time elapsed: 00:00:01
----------------------------------------------------------

11/99 Testing: compile_ALL_step2
11/99 Test: compile_ALL_step2
Command: "/home/adrianduesselberg/build/bin/root" "-l" "-b" "-q" "--web=off" "Test_Root.cpp("compile", "o", "macros_1")"
Directory: /home/adrianduesselberg/root-graphic-tests
"compile_ALL_step2" start time: Jun 04 15:22 CEST
Output:
----------------------------------------------------------

Processing Test_Root.cpp("compile", "o", "macros_1")...
Info in <TCanvas::Print>: SVG file ./old_svg_pro/compile_pro.svg has been created
SVG test passed for compile
<end of output>
Test time =   3.15 sec
----------------------------------------------------------
Test Passed.
"compile_ALL_step2" end time: Jun 04 15:22 CEST
"compile_ALL_step2" time elapsed: 00:00:03
----------------------------------------------------------

63/99 Testing: latex5_ALL_step3
63/99 Test: latex5_ALL_step3
Command: "/usr/bin/node" "Test_JsRoot.js" "latex5"
Directory: /home/adrianduesselberg/root-graphic-tests
"latex5_ALL_step3" start time: Jun 04 15:22 CEST
Output:
----------------------------------------------------------
Set jsroot source_dir to file:///home/adrianduesselberg/build/js/, dev 18/03/2024
JSROOT version dev 18/03/2024
MATCH: latex5 - Lengths [Pro: 27626, Ref: 27626]
<end of output>
Test time =   1.05 sec
----------------------------------------------------------
Test Passed.
"latex5_ALL_step3" end time: Jun 04 15:22 CEST
"latex5_ALL_step3" time elapsed: 00:00:01
----------------------------------------------------------

66/99 Testing: markerwarning_ALL_step3
66/99 Test: markerwarning_ALL_step3
Command: "/usr/bin/node" "Test_JsRoot.js" "markerwarning"
Directory: /home/adrianduesselberg/root-graphic-tests
"markerwarning_ALL_step3" start time: Jun 04 15:22 CEST
Output:
----------------------------------------------------------
Set jsroot source_dir to file:///home/adrianduesselberg/build/js/, dev 18/03/2024
JSROOT version dev 18/03/2024
MATCH: markerwarning - Lengths [Pro: 11543, Ref: 11543]
<end of output>
Test time =   0.86 sec
----------------------------------------------------------
Test Passed.
"markerwarning_ALL_step3" end time: Jun 04 15:22 CEST
"markerwarning_ALL_step3" time elapsed: 00:00:00
----------------------------------------------------------

18/99 Testing: basic3d_ALL_step3
18/99 Test: basic3d_ALL_step3
Command: "/usr/bin/node" "Test_JsRoot.js" "basic3d"
Directory: /home/adrianduesselberg/root-graphic-tests
"basic3d_ALL_step3" start time: Jun 04 15:22 CEST
Output:
----------------------------------------------------------
Set jsroot source_dir to file:///home/adrianduesselberg/build/js/, dev 18/03/2024
JSROOT version dev 18/03/2024
Creating clones 1 takes 1 ms uniquevis 1
Total visible nodes 1 numfaces 12
Create tm = 2 meshes 1 faces 12
MATCH: basic3d - Lengths [Pro: 8404, Ref: 8404]
<end of output>
Test time =   1.77 sec
----------------------------------------------------------
Test Passed.
"basic3d_ALL_step3" end time: Jun 04 15:22 CEST
"basic3d_ALL_step3" time elapsed: 00:00:01
----------------------------------------------------------

60/99 Testing: latex4_ALL_step3
60/99 Test: latex4_ALL_step3
Command: "/usr/bin/node" "Test_JsRoot.js" "latex4"
Directory: /home/adrianduesselberg/root-graphic-tests
"latex4_ALL_step3" start time: Jun 04 15:22 CEST
Output:
----------------------------------------------------------
Set jsroot source_dir to file:///home/adrianduesselberg/build/js/, dev 18/03/2024
JSROOT version dev 18/03/2024
MATCH: latex4 - Lengths [Pro: 18765, Ref: 18765]
<end of output>
Test time =   1.07 sec
----------------------------------------------------------
Test Passed.
"latex4_ALL_step3" end time: Jun 04 15:22 CEST
"latex4_ALL_step3" time elapsed: 00:00:01
----------------------------------------------------------

72/99 Testing: pavetext_ALL_step3
72/99 Test: pavetext_ALL_step3
Command: "/usr/bin/node" "Test_JsRoot.js" "pavetext"
Directory: /home/adrianduesselberg/root-graphic-tests
"pavetext_ALL_step3" start time: Jun 04 15:22 CEST
Output:
----------------------------------------------------------
Set jsroot source_dir to file:///home/adrianduesselberg/build/js/, dev 18/03/2024
JSROOT version dev 18/03/2024
MATCH: pavetext - Lengths [Pro: 1903, Ref: 1903]
<end of output>
Test time =   0.88 sec
----------------------------------------------------------
Test Passed.
"pavetext_ALL_step3" end time: Jun 04 15:22 CEST
"pavetext_ALL_step3" time elapsed: 00:00:00
----------------------------------------------------------

69/99 Testing: mass_spectrum_ALL_step3
69/99 Test: mass_spectrum_ALL_step3
Command: "/usr/bin/node" "Test_JsRoot.js" "mass_spectrum"
Directory: /home/adrianduesselberg/root-graphic-tests
"mass_spectrum_ALL_step3" start time: Jun 04 15:22 CEST
Output:
----------------------------------------------------------
Set jsroot source_dir to file:///home/adrianduesselberg/build/js/, dev 18/03/2024
JSROOT version dev 18/03/2024
MATCH: mass_spectrum - Lengths [Pro: 11385, Ref: 11385]
<end of output>
Test time =   0.95 sec
----------------------------------------------------------
Test Passed.
"mass_spectrum_ALL_step3" end time: Jun 04 15:22 CEST
"mass_spectrum_ALL_step3" time elapsed: 00:00:00
----------------------------------------------------------

8/99 Testing: arrows_ALL_step2
8/99 Test: arrows_ALL_step2
Command: "/home/adrianduesselberg/build/bin/root" "-l" "-b" "-q" "--web=off" "Test_Root.cpp("arrows", "o", "macros_1")"
Directory: /home/adrianduesselberg/root-graphic-tests
"arrows_ALL_step2" start time: Jun 04 15:22 CEST
Output:
----------------------------------------------------------

Processing Test_Root.cpp("arrows", "o", "macros_1")...
Info in <TCanvas::Print>: SVG file ./old_svg_pro/arrows_pro.svg has been created
SVG test passed for arrows
<end of output>
Test time =   2.98 sec
----------------------------------------------------------
Test Passed.
"arrows_ALL_step2" end time: Jun 04 15:22 CEST
"arrows_ALL_step2" time elapsed: 00:00:02
----------------------------------------------------------

4/99 Testing: archi_ALL_step1
4/99 Test: archi_ALL_step1
Command: "/home/adrianduesselberg/build/bin/root" "-l" "-b" "-q" "Test_Root.cpp("archi", "j", "macros_1")"
Directory: /home/adrianduesselberg/root-graphic-tests
"archi_ALL_step1" start time: Jun 04 15:22 CEST
Output:
----------------------------------------------------------

Processing Test_Root.cpp("archi", "j", "macros_1")...
Length of produced JSON: 84612
Length of reference JSON: 84612
JSON test passed for archi
<end of output>
Test time =   3.62 sec
----------------------------------------------------------
Test Passed.
"archi_ALL_step1" end time: Jun 04 15:22 CEST
"archi_ALL_step1" time elapsed: 00:00:03
----------------------------------------------------------

1/99 Testing: analyze_ALL_step1
1/99 Test: analyze_ALL_step1
Command: "/home/adrianduesselberg/build/bin/root" "-l" "-b" "-q" "Test_Root.cpp("analyze", "j", "macros_1")"
Directory: /home/adrianduesselberg/root-graphic-tests
"analyze_ALL_step1" start time: Jun 04 15:22 CEST
Output:
----------------------------------------------------------

Processing Test_Root.cpp("analyze", "j", "macros_1")...
Length of produced JSON: 48717
Length of reference JSON: 48717
JSON test passed for analyze
<end of output>
Test time =   3.03 sec
----------------------------------------------------------
Test Passed.
"analyze_ALL_step1" end time: Jun 04 15:22 CEST
"analyze_ALL_step1" time elapsed: 00:00:03
----------------------------------------------------------

57/99 Testing: latex3_ALL_step3
57/99 Test: latex3_ALL_step3
Command: "/usr/bin/node" "Test_JsRoot.js" "latex3"
Directory: /home/adrianduesselberg/root-graphic-tests
"latex3_ALL_step3" start time: Jun 04 15:22 CEST
Output:
----------------------------------------------------------
Set jsroot source_dir to file:///home/adrianduesselberg/build/js/, dev 18/03/2024
JSROOT version dev 18/03/2024
MATCH: latex3 - Lengths [Pro: 9667, Ref: 9667]
<end of output>
Test time =   0.93 sec
----------------------------------------------------------
Test Passed.
"latex3_ALL_step3" end time: Jun 04 15:22 CEST
"latex3_ALL_step3" time elapsed: 00:00:00
----------------------------------------------------------

48/99 Testing: greyscale_ALL_step3
48/99 Test: greyscale_ALL_step3
Command: "/usr/bin/node" "Test_JsRoot.js" "greyscale"
Directory: /home/adrianduesselberg/root-graphic-tests
"greyscale_ALL_step3" start time: Jun 04 15:22 CEST
Output:
----------------------------------------------------------
Set jsroot source_dir to file:///home/adrianduesselberg/build/js/, dev 18/03/2024
JSROOT version dev 18/03/2024
MATCH: greyscale - Lengths [Pro: 683475, Ref: 683475]
<end of output>
Test time =   0.95 sec
----------------------------------------------------------
Test Passed.
"greyscale_ALL_step3" end time: Jun 04 15:22 CEST
"greyscale_ALL_step3" time elapsed: 00:00:00
----------------------------------------------------------

51/99 Testing: latex_ALL_step3
51/99 Test: latex_ALL_step3
Command: "/usr/bin/node" "Test_JsRoot.js" "latex"
Directory: /home/adrianduesselberg/root-graphic-tests
"latex_ALL_step3" start time: Jun 04 15:22 CEST
Output:
----------------------------------------------------------
Set jsroot source_dir to file:///home/adrianduesselberg/build/js/, dev 18/03/2024
JSROOT version dev 18/03/2024
MATCH: latex - Lengths [Pro: 6209, Ref: 6209]
<end of output>
Test time =   0.84 sec
----------------------------------------------------------
Test Passed.
"latex_ALL_step3" end time: Jun 04 15:22 CEST
"latex_ALL_step3" time elapsed: 00:00:00
----------------------------------------------------------

42/99 Testing: gaxis_ALL_step3
42/99 Test: gaxis_ALL_step3
Command: "/usr/bin/node" "Test_JsRoot.js" "gaxis"
Directory: /home/adrianduesselberg/root-graphic-tests
"gaxis_ALL_step3" start time: Jun 04 15:22 CEST
Output:
----------------------------------------------------------
Set jsroot source_dir to file:///home/adrianduesselberg/build/js/, dev 18/03/2024
JSROOT version dev 18/03/2024
MATCH: gaxis - Lengths [Pro: 17481, Ref: 17481]
<end of output>
Test time =   0.96 sec
----------------------------------------------------------
Test Passed.
"gaxis_ALL_step3" end time: Jun 04 15:22 CEST
"gaxis_ALL_step3" time elapsed: 00:00:00
----------------------------------------------------------

54/99 Testing: latex2_ALL_step3
54/99 Test: latex2_ALL_step3
Command: "/usr/bin/node" "Test_JsRoot.js" "latex2"
Directory: /home/adrianduesselberg/root-graphic-tests
"latex2_ALL_step3" start time: Jun 04 15:22 CEST
Output:
----------------------------------------------------------
Set jsroot source_dir to file:///home/adrianduesselberg/build/js/, dev 18/03/2024
JSROOT version dev 18/03/2024
MATCH: latex2 - Lengths [Pro: 4396, Ref: 4396]
<end of output>
Test time =   0.85 sec
----------------------------------------------------------
Test Passed.
"latex2_ALL_step3" end time: Jun 04 15:22 CEST
"latex2_ALL_step3" time elapsed: 00:00:00
----------------------------------------------------------

45/99 Testing: gaxis3_ALL_step3
45/99 Test: gaxis3_ALL_step3
Command: "/usr/bin/node" "Test_JsRoot.js" "gaxis3"
Directory: /home/adrianduesselberg/root-graphic-tests
"gaxis3_ALL_step3" start time: Jun 04 15:22 CEST
Output:
----------------------------------------------------------
Set jsroot source_dir to file:///home/adrianduesselberg/build/js/, dev 18/03/2024
JSROOT version dev 18/03/2024
MATCH: gaxis3 - Lengths [Pro: 1787, Ref: 1787]
<end of output>
Test time =   0.86 sec
----------------------------------------------------------
Test Passed.
"gaxis3_ALL_step3" end time: Jun 04 15:22 CEST
"gaxis3_ALL_step3" time elapsed: 00:00:00
----------------------------------------------------------

36/99 Testing: formula1_ALL_step3
36/99 Test: formula1_ALL_step3
Command: "/usr/bin/node" "Test_JsRoot.js" "formula1"
Directory: /home/adrianduesselberg/root-graphic-tests
"formula1_ALL_step3" start time: Jun 04 15:22 CEST
Output:
----------------------------------------------------------
Set jsroot source_dir to file:///home/adrianduesselberg/build/js/, dev 18/03/2024
JSROOT version dev 18/03/2024
MATCH: formula1 - Lengths [Pro: 4114, Ref: 4114]
<end of output>
Test time =   0.93 sec
----------------------------------------------------------
Test Passed.
"formula1_ALL_step3" end time: Jun 04 15:22 CEST
"formula1_ALL_step3" time elapsed: 00:00:00
----------------------------------------------------------

39/99 Testing: framework_ALL_step3
39/99 Test: framework_ALL_step3
Command: "/usr/bin/node" "Test_JsRoot.js" "framework"
Directory: /home/adrianduesselberg/root-graphic-tests
"framework_ALL_step3" start time: Jun 04 15:22 CEST
Output:
----------------------------------------------------------
Set jsroot source_dir to file:///home/adrianduesselberg/build/js/, dev 18/03/2024
JSROOT version dev 18/03/2024
MATCH: framework - Lengths [Pro: 7856, Ref: 7856]
<end of output>
Test time =   0.86 sec
----------------------------------------------------------
Test Passed.
"framework_ALL_step3" end time: Jun 04 15:22 CEST
"framework_ALL_step3" time elapsed: 00:00:00
----------------------------------------------------------

6/99 Testing: archi_ALL_step3
6/99 Test: archi_ALL_step3
Command: "/usr/bin/node" "Test_JsRoot.js" "archi"
Directory: /home/adrianduesselberg/root-graphic-tests
"archi_ALL_step3" start time: Jun 04 15:22 CEST
Output:
----------------------------------------------------------
Set jsroot source_dir to file:///home/adrianduesselberg/build/js/, dev 18/03/2024
JSROOT version dev 18/03/2024
MATCH: archi - Lengths [Pro: 41892, Ref: 41892]
<end of output>
Test time =   1.14 sec
----------------------------------------------------------
Test Passed.
"archi_ALL_step3" end time: Jun 04 15:22 CEST
"archi_ALL_step3" time elapsed: 00:00:01
----------------------------------------------------------

30/99 Testing: feynman_ALL_step3
30/99 Test: feynman_ALL_step3
Command: "/usr/bin/node" "Test_JsRoot.js" "feynman"
Directory: /home/adrianduesselberg/root-graphic-tests
"feynman_ALL_step3" start time: Jun 04 15:22 CEST
Output:
----------------------------------------------------------
Set jsroot source_dir to file:///home/adrianduesselberg/build/js/, dev 18/03/2024
JSROOT version dev 18/03/2024
MATCH: feynman - Lengths [Pro: 16896, Ref: 16896]
<end of output>
Test time =   0.91 sec
----------------------------------------------------------
Test Passed.
"feynman_ALL_step3" end time: Jun 04 15:22 CEST
"feynman_ALL_step3" time elapsed: 00:00:00
----------------------------------------------------------

27/99 Testing: event_ALL_step3
27/99 Test: event_ALL_step3
Command: "/usr/bin/node" "Test_JsRoot.js" "event"
Directory: /home/adrianduesselberg/root-graphic-tests
"event_ALL_step3" start time: Jun 04 15:22 CEST
Output:
----------------------------------------------------------
Set jsroot source_dir to file:///home/adrianduesselberg/build/js/, dev 18/03/2024
JSROOT version dev 18/03/2024
MATCH: event - Lengths [Pro: 5344, Ref: 5344]
<end of output>
Test time =   0.93 sec
----------------------------------------------------------
Test Passed.
"event_ALL_step3" end time: Jun 04 15:22 CEST
"event_ALL_step3" time elapsed: 00:00:00
----------------------------------------------------------

24/99 Testing: eval_ALL_step3
24/99 Test: eval_ALL_step3
Command: "/usr/bin/node" "Test_JsRoot.js" "eval"
Directory: /home/adrianduesselberg/root-graphic-tests
"eval_ALL_step3" start time: Jun 04 15:22 CEST
Output:
----------------------------------------------------------
Set jsroot source_dir to file:///home/adrianduesselberg/build/js/, dev 18/03/2024
JSROOT version dev 18/03/2024
MATCH: eval - Lengths [Pro: 2887, Ref: 2887]
<end of output>
Test time =   0.81 sec
----------------------------------------------------------
Test Passed.
"eval_ALL_step3" end time: Jun 04 15:22 CEST
"eval_ALL_step3" time elapsed: 00:00:00
----------------------------------------------------------

3/99 Testing: analyze_ALL_step3
3/99 Test: analyze_ALL_step3
Command: "/usr/bin/node" "Test_JsRoot.js" "analyze"
Directory: /home/adrianduesselberg/root-graphic-tests
"analyze_ALL_step3" start time: Jun 04 15:22 CEST
Output:
----------------------------------------------------------
Set jsroot source_dir to file:///home/adrianduesselberg/build/js/, dev 18/03/2024
JSROOT version dev 18/03/2024
MATCH: analyze - Lengths [Pro: 11643, Ref: 11643]
<end of output>
Test time =   0.94 sec
----------------------------------------------------------
Test Passed.
"analyze_ALL_step3" end time: Jun 04 15:22 CEST
"analyze_ALL_step3" time elapsed: 00:00:00
----------------------------------------------------------

33/99 Testing: first_ALL_step3
33/99 Test: first_ALL_step3
Command: "/usr/bin/node" "Test_JsRoot.js" "first"
Directory: /home/adrianduesselberg/root-graphic-tests
"first_ALL_step3" start time: Jun 04 15:22 CEST
Output:
----------------------------------------------------------
Set jsroot source_dir to file:///home/adrianduesselberg/build/js/, dev 18/03/2024
JSROOT version dev 18/03/2024
MATCH: first - Lengths [Pro: 6792, Ref: 6792]
<end of output>
Test time =   0.84 sec
----------------------------------------------------------
Test Passed.
"first_ALL_step3" end time: Jun 04 15:22 CEST
"first_ALL_step3" time elapsed: 00:00:00
----------------------------------------------------------

9/99 Testing: arrows_ALL_step3
9/99 Test: arrows_ALL_step3
Command: "/usr/bin/node" "Test_JsRoot.js" "arrows"
Directory: /home/adrianduesselberg/root-graphic-tests
"arrows_ALL_step3" start time: Jun 04 15:22 CEST
Output:
----------------------------------------------------------
Set jsroot source_dir to file:///home/adrianduesselberg/build/js/, dev 18/03/2024
JSROOT version dev 18/03/2024
MATCH: arrows - Lengths [Pro: 1572, Ref: 1572]
<end of output>
Test time =   0.75 sec
----------------------------------------------------------
Test Passed.
"arrows_ALL_step3" end time: Jun 04 15:22 CEST
"arrows_ALL_step3" time elapsed: 00:00:00
----------------------------------------------------------

15/99 Testing: crown_ALL_step3
15/99 Test: crown_ALL_step3
Command: "/usr/bin/node" "Test_JsRoot.js" "crown"
Directory: /home/adrianduesselberg/root-graphic-tests
"crown_ALL_step3" start time: Jun 04 15:22 CEST
Output:
----------------------------------------------------------
Set jsroot source_dir to file:///home/adrianduesselberg/build/js/, dev 18/03/2024
JSROOT version dev 18/03/2024
MATCH: crown - Lengths [Pro: 1605, Ref: 1605]
<end of output>
Test time =   0.74 sec
----------------------------------------------------------
Test Passed.
"crown_ALL_step3" end time: Jun 04 15:22 CEST
"crown_ALL_step3" time elapsed: 00:00:00
----------------------------------------------------------

21/99 Testing: ellipse_ALL_step3
21/99 Test: ellipse_ALL_step3
Command: "/usr/bin/node" "Test_JsRoot.js" "ellipse"
Directory: /home/adrianduesselberg/root-graphic-tests
"ellipse_ALL_step3" start time: Jun 04 15:22 CEST
Output:
----------------------------------------------------------
Set jsroot source_dir to file:///home/adrianduesselberg/build/js/, dev 18/03/2024
JSROOT version dev 18/03/2024
MATCH: ellipse - Lengths [Pro: 2369, Ref: 2369]
<end of output>
Test time =   0.80 sec
----------------------------------------------------------
Test Passed.
"ellipse_ALL_step3" end time: Jun 04 15:22 CEST
"ellipse_ALL_step3" time elapsed: 00:00:00
----------------------------------------------------------

12/99 Testing: compile_ALL_step3
12/99 Test: compile_ALL_step3
Command: "/usr/bin/node" "Test_JsRoot.js" "compile"
Directory: /home/adrianduesselberg/root-graphic-tests
"compile_ALL_step3" start time: Jun 04 15:22 CEST
Output:
----------------------------------------------------------
Set jsroot source_dir to file:///home/adrianduesselberg/build/js/, dev 18/03/2024
JSROOT version dev 18/03/2024
MATCH: compile - Lengths [Pro: 1700, Ref: 1700]
<end of output>
Test time =   0.75 sec
----------------------------------------------------------
Test Passed.
"compile_ALL_step3" end time: Jun 04 15:22 CEST
"compile_ALL_step3" time elapsed: 00:00:00
----------------------------------------------------------

End testing: Jun 04 15:22 CEST
