<?xml version="1.0" encoding="UTF-8"?>
<Site BuildName="(empty)"
	BuildStamp="20240508-0758-Experimental"
	Name="(empty)"
	Generator="ctest-3.27.7"
	CompilerName=""
	CompilerVersion=""
	OSName="Linux"
	Hostname="pc-phsft-victus-85"
	OSRelease="6.8.8-200.fc39.x86_64"
	OSVersion="#1 SMP PREEMPT_DYNAMIC Sat Apr 27 17:42:13 UTC 2024"
	OSPlatform="x86_64"
	Is64Bits="1"
	VendorString="AuthenticAMD"
	VendorID="Advanced Micro Devices"
	FamilyID="25"
	ModelID="80"
	ProcessorCacheSize="512"
	NumberOfLogicalCPU="16"
	NumberOfPhysicalCPU="8"
	TotalVirtualMemory="8191"
	TotalPhysicalMemory="31418"
	LogicalProcessorsPerPhysical="2"
	ProcessorClockFrequency="3560.06"
	>
	<Testing>
		<StartDateTime>May 08 15:11 CEST</StartDateTime>
		<StartTestTime>1715173869</StartTestTime>
		<TestList>
			<Test>./test/JsonTests</Test>
		</TestList>
		<Test Status="passed">
			<Name>JsonTests</Name>
			<Path>./test</Path>
			<FullName>./test/JsonTests</FullName>
			<FullCommandLine>/home/adrianduesselberg/root-graphic-tests/build/test/JsonTests</FullCommandLine>
			<Results>
				<NamedMeasurement type="numeric/double" name="Execution Time">
					<Value>1.154</Value>
				</NamedMeasurement>
				<NamedMeasurement type="numeric/double" name="Processors">
					<Value>1</Value>
				</NamedMeasurement>
				<NamedMeasurement type="text/string" name="Completion Status">
					<Value>Completed</Value>
				</NamedMeasurement>
				<NamedMeasurement type="text/string" name="Command Line">
					<Value>/home/adrianduesselberg/root-graphic-tests/build/test/JsonTests</Value>
				</NamedMeasurement>
				<NamedMeasurement type="text/string" name="Environment">
					<Value>#CTEST_RESOURCE_GROUP_COUNT=</Value>
				</NamedMeasurement>
				<Measurement>
					<Value encoding="base64" compression="gzip">eJyNk01PwkAQhu/9FXOEQ1sBOXjwoEZJNIEE8UQas2yHdpPtTrOzBfHXu6WG1MaEndM0+/R59yOzboxRpoBKKDMaw95SBWlJFaYit0qYvEFm1Du0RWqJXFxYUZdKxg7ZcVoQFRrbvt+ylWnRdp+tNpEy2t5fKoP1b+Z0BmdLlzo5fwA3ymESbeNLZbDQtBO6W0dzUJZMhcaz6OKmHsB/rRvfLrotv76vltEW1h9LOFc2XEwejNCnb3xpjHSKjIe7Wr1dh2E0nd9BxeMrEVaWKjCgj8JoPg2xWzpyqL7PwmgS4H8UrOQsDwsYwP6Cbq8nPFFVKx34BAPYn2EWkOCPbQL9fTTM/qy1qjlw/wM4MOEgdKC+R3r3/D93kvjx2ZSKoRbWAe3BldhNGjWubhwcBYPFig6YAysjEZSfwi+JmHMHlxa5JJ23f09u/CvvTl6QZNEPKN1kNw==</Value>
				</Measurement>
			</Results>
		</Test>
		<EndDateTime>May 08 15:11 CEST</EndDateTime>
		<EndTestTime>1715173870</EndTestTime>
		<ElapsedMinutes>0</ElapsedMinutes>
	</Testing>
</Site>
