<?xml version="1.0" encoding="UTF-8"?>
<Site BuildName="(empty)"
	BuildStamp="20240503-1317-Experimental"
	Name="(empty)"
	Generator="ctest-3.27.7"
	CompilerName=""
	CompilerVersion=""
	OSName="Linux"
	Hostname="pc-phsft-victus-85"
	OSRelease="6.8.6-200.fc39.x86_64"
	OSVersion="#1 SMP PREEMPT_DYNAMIC Sat Apr 13 15:14:23 UTC 2024"
	OSPlatform="x86_64"
	Is64Bits="1"
	VendorString="AuthenticAMD"
	VendorID="Advanced Micro Devices"
	FamilyID="25"
	ModelID="80"
	ProcessorCacheSize="512"
	NumberOfLogicalCPU="16"
	NumberOfPhysicalCPU="8"
	TotalVirtualMemory="8191"
	TotalPhysicalMemory="31420"
	LogicalProcessorsPerPhysical="2"
	ProcessorClockFrequency="2993.87"
	>
	<Testing>
		<StartDateTime>May 03 16:28 CEST</StartDateTime>
		<StartTestTime>1714746531</StartTestTime>
		<TestList>
			<Test>./test/JsonTests</Test>
		</TestList>
		<Test Status="failed">
			<Name>JsonTests</Name>
			<Path>./test</Path>
			<FullName>./test/JsonTests</FullName>
			<FullCommandLine>/home/adrianduesselberg/root-graphic-tests/build/test/JsonTests</FullCommandLine>
			<Results>
				<NamedMeasurement type="text/string" name="Exit Code">
					<Value>SEGFAULT</Value>
				</NamedMeasurement>
				<NamedMeasurement type="text/string" name="Exit Value">
					<Value>0</Value>
				</NamedMeasurement>
				<NamedMeasurement type="numeric/double" name="Execution Time">
					<Value>0.885946</Value>
				</NamedMeasurement>
				<NamedMeasurement type="numeric/double" name="Processors">
					<Value>1</Value>
				</NamedMeasurement>
				<NamedMeasurement type="text/string" name="Completion Status">
					<Value>Completed</Value>
				</NamedMeasurement>
				<NamedMeasurement type="text/string" name="Command Line">
					<Value>/home/adrianduesselberg/root-graphic-tests/build/test/JsonTests</Value>
				</NamedMeasurement>
				<NamedMeasurement type="text/string" name="Environment">
					<Value>#CTEST_RESOURCE_GROUP_COUNT=</Value>
				</NamedMeasurement>
				<Measurement>
					<Value encoding="base64" compression="gzip">eJyVU11P2zAUffevuOoeoIgk7djGFo1JHbQDxApqszGEUOU4N6k3x45sp1n362cnpQKkbcx5ubm+X+ec61ktJZcFlJTL3T7kWpUQLVWJEc00pzKr0RgUKeoi0krZoNC0WnIWWDTWRIVShUBvPzSNZlHhrYUvGzJGbo+25w5mm55D8DFdz41tam4xJLfB9tzBJ6FSKrp7lCuulSxRuli0QV09CX5YM3HW+fxySm5h9mUK7bnbesORpGL9Cye1ZJYrSc5kroBLeJ+cWluNZcElxvGxRmrxQwxzS7X1Y58myZVrrleoQUmolLYwfHkYDtw3jN8dvD4gZHZ5mQBzNBpouF0ChQbTIKUGM2BUrqjZh8bRuARuQKoGUvSlje+BWQhkhq68BavALhEEFpStN5mQrj32dpbecesKp7TEGJKZU6jz9DwSL5hmkHOBoDTxefcgev4OgsCNdaTyvBeSCZcZlEqjy3REOGRLR4OJo1b3kKGWUa70InOTCVWhNu3FYfTCuiLdaGRCXa/Mj+0iJBQoUTv6MvCMt4PEEEbfjZKLSquIdhJ4O/RO8h+r127auUvygpqQVVX8NgY/QK2RfKWidqDzuNX7M2Vamd0+ARgxW1MRQ06FQTL+WSFz88VgdY3EbQpMRmcX45O/bQrsHrx5BaXp/3v17kMdI5aKPnneZlukOshUIx+/mz+9F9BUhk87OSRXo/m8QzJoo034GF9XYx8EN16i1MnaxM+jgBCXvQlLxvPE/e/t7cFH91h+tJbBwkOhLV8rrkRrkbHWSncqPViTa7oWTm/IuKkEXe97cURK2Q8f8W04DOF6dHMxmp4sTs7mVxejm6OdpksJBjuw9cWDHfIbYCWVHQ==</Value>
				</Measurement>
			</Results>
		</Test>
		<EndDateTime>May 03 16:28 CEST</EndDateTime>
		<EndTestTime>1714746532</EndTestTime>
		<ElapsedMinutes>0</ElapsedMinutes>
	</Testing>
</Site>
