<?xml version="1.0" encoding="UTF-8"?>
<Site BuildName="(empty)"
	BuildStamp="20240507-0651-Experimental"
	Name="(empty)"
	Generator="ctest-3.27.7"
	CompilerName=""
	CompilerVersion=""
	OSName="Linux"
	Hostname="pc-phsft-victus-85"
	OSRelease="6.8.8-200.fc39.x86_64"
	OSVersion="#1 SMP PREEMPT_DYNAMIC Sat Apr 27 17:42:13 UTC 2024"
	OSPlatform="x86_64"
	Is64Bits="1"
	VendorString="AuthenticAMD"
	VendorID="Advanced Micro Devices"
	FamilyID="25"
	ModelID="80"
	ProcessorCacheSize="512"
	NumberOfLogicalCPU="16"
	NumberOfPhysicalCPU="8"
	TotalVirtualMemory="8191"
	TotalPhysicalMemory="31418"
	LogicalProcessorsPerPhysical="2"
	ProcessorClockFrequency="1400"
	>
	<Testing>
		<StartDateTime>May 07 14:18 CEST</StartDateTime>
		<StartTestTime>1715084307</StartTestTime>
		<TestList>
			<Test>./test/JsonTests</Test>
		</TestList>
		<Test Status="passed">
			<Name>JsonTests</Name>
			<Path>./test</Path>
			<FullName>./test/JsonTests</FullName>
			<FullCommandLine>/home/adrianduesselberg/root-graphic-tests/build/test/JsonTests</FullCommandLine>
			<Results>
				<NamedMeasurement type="numeric/double" name="Execution Time">
					<Value>0.471357</Value>
				</NamedMeasurement>
				<NamedMeasurement type="numeric/double" name="Processors">
					<Value>1</Value>
				</NamedMeasurement>
				<NamedMeasurement type="text/string" name="Completion Status">
					<Value>Completed</Value>
				</NamedMeasurement>
				<NamedMeasurement type="text/string" name="Command Line">
					<Value>/home/adrianduesselberg/root-graphic-tests/build/test/JsonTests</Value>
				</NamedMeasurement>
				<NamedMeasurement type="text/string" name="Environment">
					<Value>#CTEST_RESOURCE_GROUP_COUNT=</Value>
				</NamedMeasurement>
				<Measurement>
					<Value encoding="base64" compression="gzip">eJyNk01rwkAQhu/5FXOMhyRGLaWHHlpphRYUrD1JKOtmTBY2O2F3o7W/vhtTJIaCO6cJ++R594NZN0oJVUDFhApHsNdUQVJShQnLtWAqb9AYlDvURaKJbFRoVpeCRxaNNUlBVEhs+35rNE+KtvtqtTHnwfbxUhms/zLTMZwtXWp6/gDTCItxsI0ulcFC0o7Jbh3VQWhSFSrHoo2aegBfWzeuXXRbfvtYLYMtrD+XcK5suBg/KSZPP/jaKG4FKQd3tXq/DUM4ubuHyoxuRGheCs+APgrh7MHHrulofPV9FsJ0ctv/zIzg09wvYAC7C/JImFNVC+n5BAPY7wxzd2zl6e+jfvYXKUVtPPc/gF1C6pFwYNJT3yOde/qfO47d+GxKYaBm2gLtwZbYTRo1tm4sHJkBjRUdMAcjFEcQbgq/OWJuOrjUaEqSeft3Op7MYHdygjgLfgEMIGQr====</Value>
				</Measurement>
			</Results>
		</Test>
		<EndDateTime>May 07 14:18 CEST</EndDateTime>
		<EndTestTime>1715084307</EndTestTime>
		<ElapsedMinutes>0</ElapsedMinutes>
	</Testing>
</Site>
