<?xml version="1.0" encoding="UTF-8"?>
<Site BuildName="(empty)"
	BuildStamp="20240511-0826-Experimental"
	Name="(empty)"
	Generator="ctest-3.27.7"
	CompilerName=""
	CompilerVersion=""
	OSName="Linux"
	Hostname="pc-phsft-victus-85"
	OSRelease="6.8.8-200.fc39.x86_64"
	OSVersion="#1 SMP PREEMPT_DYNAMIC Sat Apr 27 17:42:13 UTC 2024"
	OSPlatform="x86_64"
	Is64Bits="1"
	VendorString="AuthenticAMD"
	VendorID="Advanced Micro Devices"
	FamilyID="25"
	ModelID="80"
	ProcessorCacheSize="512"
	NumberOfLogicalCPU="16"
	NumberOfPhysicalCPU="8"
	TotalVirtualMemory="8191"
	TotalPhysicalMemory="31418"
	LogicalProcessorsPerPhysical="2"
	ProcessorClockFrequency="4078.2"
	>
	<Testing>
		<StartDateTime>May 11 10:26 CEST</StartDateTime>
		<StartTestTime>1715415996</StartTestTime>
		<TestList/>
		<EndDateTime>May 11 10:26 CEST</EndDateTime>
		<EndTestTime>1715415996</EndTestTime>
		<ElapsedMinutes>0</ElapsedMinutes>
	</Testing>
</Site>
