<?xml version="1.0" encoding="UTF-8"?>
<Site BuildName="(empty)"
	BuildStamp="20240502-1139-Experimental"
	Name="(empty)"
	Generator="ctest-3.27.7"
	CompilerName=""
	CompilerVersion=""
	OSName="Linux"
	Hostname="pc-phsft-victus-85"
	OSRelease="6.8.6-200.fc39.x86_64"
	OSVersion="#1 SMP PREEMPT_DYNAMIC Sat Apr 13 15:14:23 UTC 2024"
	OSPlatform="x86_64"
	Is64Bits="1"
	VendorString="AuthenticAMD"
	VendorID="Advanced Micro Devices"
	FamilyID="25"
	ModelID="80"
	ProcessorCacheSize="512"
	NumberOfLogicalCPU="16"
	NumberOfPhysicalCPU="8"
	TotalVirtualMemory="8191"
	TotalPhysicalMemory="31420"
	LogicalProcessorsPerPhysical="2"
	ProcessorClockFrequency="3653.39"
	>
	<Testing>
		<StartDateTime>May 02 14:40 CEST</StartDateTime>
		<StartTestTime>1714653624</StartTestTime>
		<TestList>
			<Test>./test/JsonTests</Test>
		</TestList>
		<Test Status="passed">
			<Name>JsonTests</Name>
			<Path>./test</Path>
			<FullName>./test/JsonTests</FullName>
			<FullCommandLine>/home/adrianduesselberg/root-graphic-tests/build/test/JsonTests</FullCommandLine>
			<Results>
				<NamedMeasurement type="numeric/double" name="Execution Time">
					<Value>0.00211417</Value>
				</NamedMeasurement>
				<NamedMeasurement type="numeric/double" name="Processors">
					<Value>1</Value>
				</NamedMeasurement>
				<NamedMeasurement type="text/string" name="Completion Status">
					<Value>Completed</Value>
				</NamedMeasurement>
				<NamedMeasurement type="text/string" name="Command Line">
					<Value>/home/adrianduesselberg/root-graphic-tests/build/test/JsonTests</Value>
				</NamedMeasurement>
				<NamedMeasurement type="text/string" name="Environment">
					<Value>#CTEST_RESOURCE_GROUP_COUNT=</Value>
				</NamedMeasurement>
				<Measurement>
					<Value encoding="base64" compression="gzip">eJyNkEFLAzEQhe/5FXPsHpLoD+hBUATFtuzqaVkkzU7TQJIpSVb/vhtTaisU+k6P5GPevGmnEGww4JUNiwZ2kTzIPXmUaoxWhXHClNBtMRoZiTI3UR32VvOMKSdpiIzD4s9tilqa4j7LWKE165cnDdAeM++hMDXz6NNkMwrW85MGeHa0Va7+Y/iykYLHMLOY+XT4B5/PfC8bvHTrFeuh/VjBr4a/Z1Hcm9KR0kxUrV+vELC4A5+aG9IqCZmycg27rUtGFflI3+HyUtcuBFEFcZkzF9g8dN3TY6lYWcF+ALkxl1g=</Value>
				</Measurement>
			</Results>
		</Test>
		<EndDateTime>May 02 14:40 CEST</EndDateTime>
		<EndTestTime>1714653624</EndTestTime>
		<ElapsedMinutes>0</ElapsedMinutes>
	</Testing>
</Site>
