<?xml version="1.0" encoding="UTF-8"?>
<Site BuildName="(empty)"
	BuildStamp="20240510-0602-Experimental"
	Name="(empty)"
	Generator="ctest-3.27.7"
	CompilerName=""
	CompilerVersion=""
	OSName="Linux"
	Hostname="pc-phsft-victus-85"
	OSRelease="6.8.8-200.fc39.x86_64"
	OSVersion="#1 SMP PREEMPT_DYNAMIC Sat Apr 27 17:42:13 UTC 2024"
	OSPlatform="x86_64"
	Is64Bits="1"
	VendorString="AuthenticAMD"
	VendorID="Advanced Micro Devices"
	FamilyID="25"
	ModelID="80"
	ProcessorCacheSize="512"
	NumberOfLogicalCPU="16"
	NumberOfPhysicalCPU="8"
	TotalVirtualMemory="8191"
	TotalPhysicalMemory="31418"
	LogicalProcessorsPerPhysical="2"
	ProcessorClockFrequency="1400"
	>
	<Testing>
		<StartDateTime>May 10 12:04 CEST</StartDateTime>
		<StartTestTime>1715335492</StartTestTime>
		<TestList>
			<Test>./test/JsonTests</Test>
		</TestList>
		<Test Status="passed">
			<Name>JsonTests</Name>
			<Path>./test</Path>
			<FullName>./test/JsonTests</FullName>
			<FullCommandLine>/home/adrianduesselberg/root-graphic-tests/build/test/JsonTests</FullCommandLine>
			<Results>
				<NamedMeasurement type="numeric/double" name="Execution Time">
					<Value>1.41382</Value>
				</NamedMeasurement>
				<NamedMeasurement type="numeric/double" name="Processors">
					<Value>1</Value>
				</NamedMeasurement>
				<NamedMeasurement type="text/string" name="Completion Status">
					<Value>Completed</Value>
				</NamedMeasurement>
				<NamedMeasurement type="text/string" name="Command Line">
					<Value>/home/adrianduesselberg/root-graphic-tests/build/test/JsonTests</Value>
				</NamedMeasurement>
				<NamedMeasurement type="text/string" name="Environment">
					<Value>#CTEST_RESOURCE_GROUP_COUNT=</Value>
				</NamedMeasurement>
				<Measurement>
					<Value encoding="base64" compression="gzip">eJyNk01rwkAQhu/5FXPUQxKNVnrpoZVWaEHB2pOEsm7GZGGzE3Y3WvvruzFF0lDIzmnCPnne/WC2tVJC5VAyoUZjOGoqIS6oxJhlWjCV1WgMygPqPNZENsw1qwrBQ4vGmjgnyiU2fbc1msd503022ojzYP9wqxS2v5nJPVwtber0+gGmFhajYB/eKoWVpAOT7Tqqk9CkSlSORRvWVQ/+a925dtVu+fV9sw72sP1Yw7XS/mL0qJi8fONLrbgVpBzc1uZtGIZRsphAacYDEZoXwjOgi8JokfjYNZ2Nr77Lwmg6G/Y/MSP4LPML6MHugu6GE5ZUVkJ6PkEP9jvD0h1befq7qJ/9WUpRGc/992DPhBOTnvoO6dzz/9xR5MZnVwgDFdMW6Ai2wHbSqLZVbeHMDGgs6YQZGKE4gnBT+MURM9PChUZTkMyav6eTZA6HixNEafADO/NkOw==</Value>
				</Measurement>
			</Results>
		</Test>
		<EndDateTime>May 10 12:04 CEST</EndDateTime>
		<EndTestTime>1715335493</EndTestTime>
		<ElapsedMinutes>0</ElapsedMinutes>
	</Testing>
</Site>
