<?xml version="1.0" encoding="UTF-8"?>
<Site BuildName="(empty)"
	BuildStamp="20240510-0602-Experimental"
	Name="(empty)"
	Generator="ctest-3.27.7"
	CompilerName=""
	CompilerVersion=""
	OSName="Linux"
	Hostname="pc-phsft-victus-85"
	OSRelease="6.8.8-200.fc39.x86_64"
	OSVersion="#1 SMP PREEMPT_DYNAMIC Sat Apr 27 17:42:13 UTC 2024"
	OSPlatform="x86_64"
	Is64Bits="1"
	VendorString="AuthenticAMD"
	VendorID="Advanced Micro Devices"
	FamilyID="25"
	ModelID="80"
	ProcessorCacheSize="512"
	NumberOfLogicalCPU="16"
	NumberOfPhysicalCPU="8"
	TotalVirtualMemory="8191"
	TotalPhysicalMemory="31418"
	LogicalProcessorsPerPhysical="2"
	ProcessorClockFrequency="3631.3"
	>
	<Testing>
		<StartDateTime>May 10 14:31 CEST</StartDateTime>
		<StartTestTime>1715344304</StartTestTime>
		<TestList>
			<Test>./test/GraphsTest</Test>
		</TestList>
		<Test Status="passed">
			<Name>GraphsTest</Name>
			<Path>./test</Path>
			<FullName>./test/GraphsTest</FullName>
			<FullCommandLine>/home/adrianduesselberg/root-graphic-tests/build/test/GraphsTest</FullCommandLine>
			<Results>
				<NamedMeasurement type="numeric/double" name="Execution Time">
					<Value>0.293911</Value>
				</NamedMeasurement>
				<NamedMeasurement type="numeric/double" name="Processors">
					<Value>1</Value>
				</NamedMeasurement>
				<NamedMeasurement type="text/string" name="Completion Status">
					<Value>Completed</Value>
				</NamedMeasurement>
				<NamedMeasurement type="text/string" name="Command Line">
					<Value>/home/adrianduesselberg/root-graphic-tests/build/test/GraphsTest</Value>
				</NamedMeasurement>
				<NamedMeasurement type="text/string" name="Environment">
					<Value>#CTEST_RESOURCE_GROUP_COUNT=</Value>
				</NamedMeasurement>
				<Measurement>
					<Value encoding="base64" compression="gzip">eJyNk0uL2zAQgO/+FTpuDlYsafQ69FBou9DCbknaUwjF66hegy0tfrR/v2PJCttA6c5p+L6RRoPHh8X7zrdkqDt/tyM/xzCQ/XMY3L6+jF3tL4ubJtc/ubHdjyHMZTvWL89dU85umqd9G0LbuzV/nU5js2/X7Md6LW2a4vTuGmdy2Hoystaknls+Ld3saHEqr3Em9314qvvknf/VjcEPzmOtm8vl5ab49Z3fMLtfnzt9Pj4+FCdy+P5AYpxvHI3pp8U3cxd8QTpSkYpWMQij1ihlBVk5Q84S59RKySseOUfOExfUWGAm1QvkInGg2gKXMnJADolLqkChiFwil4krCsCZ1pEr5CpxTZkWUrHINXKduRGCKxu5QW4SNxQYaFZFbpHbzC3jlYY01zrnNrClglfCpgaMoWBZKCGlSRMzjoJnYSSATU9lAoXIwmqwMvVmgAKuwkotVBIShbwKphSYJBQKlYUWBvR2QqPQWYDCdttzDQqTRWW5zQPa9UPmyRVOaFGc0j6Qxy//2QlyxxUnw7R767rlA2QOc93virft9OzqsbyE3/7vP+ZffwoZa09vO+FMX98fjx8/rHueqmnxBxip/W4=</Value>
				</Measurement>
			</Results>
		</Test>
		<EndDateTime>May 10 14:31 CEST</EndDateTime>
		<EndTestTime>1715344305</EndTestTime>
		<ElapsedMinutes>0</ElapsedMinutes>
	</Testing>
</Site>
